#
# There is insufficient memory for the Java Runtime Environment to continue.
# Native memory allocation (malloc) failed to allocate 32744 bytes for ChunkPool::allocate
# Possible reasons:
#   The system is out of physical RAM or swap space
#   The process is running with CompressedOops enabled, and the Java Heap may be blocking the growth of the native heap
# Possible solutions:
#   Reduce memory load on the system
#   Increase physical memory or swap space
#   Check if swap backing store is full
#   Decrease Java heap size (-Xmx/-Xms)
#   Decrease number of Java threads
#   Decrease Java thread stack sizes (-Xss)
#   Set larger code cache with -XX:ReservedCodeCacheSize=
#   JVM is running with Unscaled Compressed Oops mode in which the Java heap is
#     placed in the first 4GB address space. The Java Heap base address is the
#     maximum limit for the native heap growth. Please use -XX:HeapBaseMinAddress
#     to set the Java Heap base and to place the Java Heap above 4GB virtual address.
# This output file may be truncated or incomplete.
#
#  Out of Memory Error (allocation.cpp:272), pid=7140, tid=0x0000000000000ed8
#
# JRE version: OpenJDK Runtime Environment (8.0_242-b01) (build 1.8.0_242-release-1644-b01)
# Java VM: OpenJDK 64-Bit Server VM (25.242-b01 mixed mode windows-amd64 compressed oops)
# Failed to write core dump. Minidumps are not enabled by default on client versions of Windows
#

---------------  T H R E A D  ---------------

Current thread (0x00000000179c1800):  JavaThread "C2 CompilerThread0" daemon [_thread_in_native, id=3800, stack(0x0000000019010000,0x0000000019110000)]

Stack: [0x0000000019010000,0x0000000019110000]
[error occurred during error reporting (printing stack bounds), id 0xc0000005]

Native frames: (J=compiled Java code, j=interpreted, Vv=VM code, C=native code)


Current CompileTask:
C2:  12643 2791   !   4       java.lang.ClassLoader::getPackage (118 bytes)


---------------  P R O C E S S  ---------------

Java Threads: ( => current thread )
  0x00000000195dd800 JavaThread "jar transforms Thread 3" [_thread_blocked, id=3028, stack(0x0000000022460000,0x0000000022560000)]
  0x00000000195da800 JavaThread "Cache worker for dependencies-accessors (D:\gamm\AndroidStudioProjects\1\MyguitarClassCopi\.gradle\7.0\dependencies-accessors)" [_thread_blocked, id=388, stack(0x0000000021f50000,0x0000000022050000)]
  0x00000000195d7800 JavaThread "Cache worker for file content cache (C:\Users\mzenin\.gradle\caches\7.0\fileContent)" [_thread_blocked, id=1792, stack(0x0000000021e50000,0x0000000021f50000)]
  0x00000000195da000 JavaThread "jar transforms Thread 2" [_thread_blocked, id=6960, stack(0x0000000021d50000,0x0000000021e50000)]
  0x00000000195dd000 JavaThread "jar transforms" [_thread_blocked, id=7856, stack(0x0000000021c50000,0x0000000021d50000)]
  0x000000001bd1b000 JavaThread "Cache worker for execution history cache (C:\Users\mzenin\.gradle\caches\7.0\executionHistory)" [_thread_blocked, id=9532, stack(0x0000000021550000,0x0000000021650000)]
  0x000000001bd19800 JavaThread "Cache worker for cache directory md-rule (C:\Users\mzenin\.gradle\caches\7.0\md-rule)" [_thread_blocked, id=6552, stack(0x0000000021450000,0x0000000021550000)]
  0x000000001bd1c800 JavaThread "Cache worker for cache directory md-supplier (C:\Users\mzenin\.gradle\caches\7.0\md-supplier)" [_thread_blocked, id=6532, stack(0x0000000021350000,0x0000000021450000)]
  0x000000001bd1a800 JavaThread "Cache worker for checksums cache (D:\gamm\AndroidStudioProjects\1\MyguitarClassCopi\.gradle\checksums)" [_thread_blocked, id=424, stack(0x000000001ffe0000,0x00000000200e0000)]
  0x000000001bd1c000 JavaThread "File watcher consumer" daemon [_thread_blocked, id=7632, stack(0x000000001fee0000,0x000000001ffe0000)]
  0x000000001bd19000 JavaThread "File watcher server" daemon [_thread_in_native, id=2640, stack(0x000000001fde0000,0x000000001fee0000)]
  0x000000001bd1d800 JavaThread "Cache worker for file hash cache (D:\gamm\AndroidStudioProjects\1\MyguitarClassCopi\.gradle\7.0\fileHashes)" [_thread_blocked, id=10584, stack(0x000000001fce0000,0x000000001fde0000)]
  0x000000001bd1e000 JavaThread "File lock release action executor" [_thread_blocked, id=8692, stack(0x000000001f9e0000,0x000000001fae0000)]
  0x000000001bd1f000 JavaThread "Cache worker for journal cache (C:\Users\mzenin\.gradle\caches\journal-1)" [_thread_blocked, id=1872, stack(0x000000001f8e0000,0x000000001f9e0000)]
  0x000000001bd18000 JavaThread "File lock request listener" [_thread_in_native, id=11124, stack(0x000000001e610000,0x000000001e710000)]
  0x000000001c053800 JavaThread "Cache worker for file hash cache (C:\Users\mzenin\.gradle\caches\7.0\fileHashes)" [_thread_blocked, id=1744, stack(0x000000001e510000,0x000000001e610000)]
  0x000000001b3a1000 JavaThread "Daemon client event forwarder" [_thread_blocked, id=924, stack(0x000000001d240000,0x000000001d340000)]
  0x000000001b393000 JavaThread "Stdin handler" [_thread_blocked, id=8284, stack(0x000000001d140000,0x000000001d240000)]
  0x000000001b392000 JavaThread "Asynchronous log dispatcher for DefaultDaemonConnection: socket connection from /127.0.0.1:50085 to /127.0.0.1:50086" [_thread_blocked, id=9920, stack(0x000000001d040000,0x000000001d140000)]
  0x000000001b390800 JavaThread "Daemon worker" [_thread_blocked, id=9508, stack(0x000000001cf40000,0x000000001d040000)]
  0x000000001b38d000 JavaThread "Cancel handler" [_thread_blocked, id=9748, stack(0x000000001ce40000,0x000000001cf40000)]
  0x000000001b334800 JavaThread "Handler for socket connection from /127.0.0.1:50085 to /127.0.0.1:50086" [_thread_in_native, id=7900, stack(0x000000001cd40000,0x000000001ce40000)]
  0x0000000019b81800 JavaThread "Daemon" [_thread_blocked, id=4612, stack(0x000000001cc40000,0x000000001cd40000)]
  0x0000000019a30800 JavaThread "Daemon periodic checks" [_thread_blocked, id=7000, stack(0x000000001c940000,0x000000001ca40000)]
  0x0000000019b7f000 JavaThread "Incoming local TCP Connector on port 50085" [_thread_in_native, id=6344, stack(0x000000001c6f0000,0x000000001c7f0000)]
  0x000000001b07f800 JavaThread "Daemon health stats" [_thread_blocked, id=6244, stack(0x000000001c2b0000,0x000000001c3b0000)]
  0x000000001933b800 JavaThread "Service Thread" daemon [_thread_blocked, id=9100, stack(0x0000000019710000,0x0000000019810000)]
  0x00000000179ef800 JavaThread "C1 CompilerThread2" daemon [_thread_blocked, id=7708, stack(0x0000000019210000,0x0000000019310000)]
  0x00000000179ca800 JavaThread "C2 CompilerThread1" daemon [_thread_blocked, id=1440, stack(0x0000000019110000,0x0000000019210000)]
=>0x00000000179c1800 JavaThread "C2 CompilerThread0" daemon [_thread_in_native, id=3800, stack(0x0000000019010000,0x0000000019110000)]
  0x00000000179c0800 JavaThread "Attach Listener" daemon [_thread_blocked, id=9900, stack(0x0000000018f10000,0x0000000019010000)]
  0x00000000179c7000 JavaThread "Signal Dispatcher" daemon [_thread_blocked, id=8988, stack(0x0000000018e10000,0x0000000018f10000)]
  0x0000000002d6b000 JavaThread "Finalizer" daemon [_thread_blocked, id=3924, stack(0x0000000018c10000,0x0000000018d10000)]
  0x00000000179a9000 JavaThread "Reference Handler" daemon [_thread_blocked, id=6064, stack(0x0000000018b10000,0x0000000018c10000)]
  0x0000000002b3d800 JavaThread "main" [_thread_blocked, id=7936, stack(0x0000000002b70000,0x0000000002c70000)]

Other Threads:
  0x0000000017986000 VMThread [stack: 0x0000000018a10000,0x0000000018b10000] [id=10844]
  0x000000001933c000 WatcherThread [stack: 0x0000000019810000,0x0000000019910000] [id=2812]

VM state:at safepoint (normal execution)

VM Mutex/Monitor currently owned by a thread:  ([mutex/lock_event])
[0x0000000002b3d080] Threads_lock - owner thread: 0x0000000017986000
[0x0000000002b3c680] Heap_lock - owner thread: 0x000000001b390800

heap address: 0x0000000080000000, size: 2048 MB, Compressed Oops mode: 32-bit
Narrow klass base: 0x0000000000000000, Narrow klass shift: 3
Compressed class space size: 1073741824 Address: 0x0000000100000000

Heap:
 PSYoungGen      total 105984K, used 1341K [0x00000000d5580000, 0x00000000dc880000, 0x0000000100000000)
  eden space 97280K, 0% used [0x00000000d5580000,0x00000000d5580000,0x00000000db480000)
  from space 8704K, 15% used [0x00000000dbe00000,0x00000000dbf4f438,0x00000000dc680000)
  to   space 9728K, 0% used [0x00000000db480000,0x00000000db480000,0x00000000dbe00000)
 ParOldGen       total 68096K, used 15463K [0x0000000080000000, 0x0000000084280000, 0x00000000d5580000)
  object space 68096K, 22% used [0x0000000080000000,0x0000000080f19e18,0x0000000084280000)
 Metaspace       used 34601K, capacity 36007K, committed 36136K, reserved 1085440K
  class space    used 4776K, capacity 5088K, committed 5160K, reserved 1048576K

Card table byte_map: [0x0000000012130000,0x0000000012540000] byte_map_base: 0x0000000011d30000

Marking Bits: (ParMarkBitMap*) 0x000000005601f030
 Begin Bits: [0x0000000012bf0000, 0x0000000014bf0000)
 End Bits:   [0x0000000014bf0000, 0x0000000016bf0000)

Polling page: 0x0000000002af0000

CodeCache: size=245760Kb used=9791Kb max_used=10521Kb free=235968Kb
 bounds [0x0000000002d70000, 0x00000000037d0000, 0x0000000011d70000]
 total_blobs=3273 nmethods=2574 adapters=611
 compilation: enabled

Compilation events (10 events):
Event: 12.570 Thread 0x00000000179ef800 2833       3       org.gradle.internal.instantiation.generator.AbstractClassGenerator::isLazyAttachProperty (46 bytes)
Event: 12.571 Thread 0x00000000179ef800 nmethod 2833 0x0000000003002310 code [0x0000000003002520, 0x00000000030030f8]
Event: 12.598 Thread 0x00000000179ef800 2836       3       java.lang.invoke.MethodHandles$Lookup::findBoundCallerClass (36 bytes)
Event: 12.599 Thread 0x00000000179ef800 nmethod 2836 0x0000000002f47350 code [0x0000000002f47540, 0x0000000002f47eb8]
Event: 12.608 Thread 0x00000000179ef800 2837       1       java.util.Formatter::access$000 (5 bytes)
Event: 12.608 Thread 0x00000000179ef800 nmethod 2837 0x0000000002f00bd0 code [0x0000000002f00d20, 0x0000000002f00e10]
Event: 12.609 Thread 0x00000000179ef800 2838       3       java.util.regex.Pattern$Branch::match (66 bytes)
Event: 12.609 Thread 0x00000000179ef800 nmethod 2838 0x0000000002f1fdd0 code [0x0000000002f1ff60, 0x0000000002f20438]
Event: 12.610 Thread 0x00000000179ef800 2839       1       java.lang.StackTraceElement::getClassName (5 bytes)
Event: 12.610 Thread 0x00000000179ef800 nmethod 2839 0x0000000002f0a610 code [0x0000000002f0a760, 0x0000000002f0a870]

GC Heap History (10 events):
Event: 4.569 GC heap after
Heap after GC invocations=8 (full 1):
 PSYoungGen      total 107008K, used 0K [0x00000000d5580000, 0x00000000dc880000, 0x0000000100000000)
  eden space 97280K, 0% used [0x00000000d5580000,0x00000000d5580000,0x00000000db480000)
  from space 9728K, 0% used [0x00000000db480000,0x00000000db480000,0x00000000dbe00000)
  to   space 8704K, 0% used [0x00000000dbe00000,0x00000000dbe00000,0x00000000dc680000)
 ParOldGen       total 47616K, used 8935K [0x0000000080000000, 0x0000000082e80000, 0x00000000d5580000)
  object space 47616K, 18% used [0x0000000080000000,0x00000000808b9d38,0x0000000082e80000)
 Metaspace       used 20380K, capacity 21213K, committed 21296K, reserved 1067008K
  class space    used 2949K, capacity 3200K, committed 3200K, reserved 1048576K
}
Event: 11.647 GC heap before
{Heap before GC invocations=9 (full 1):
 PSYoungGen      total 107008K, used 97280K [0x00000000d5580000, 0x00000000dc880000, 0x0000000100000000)
  eden space 97280K, 100% used [0x00000000d5580000,0x00000000db480000,0x00000000db480000)
  from space 9728K, 0% used [0x00000000db480000,0x00000000db480000,0x00000000dbe00000)
  to   space 8704K, 0% used [0x00000000dbe00000,0x00000000dbe00000,0x00000000dc680000)
 ParOldGen       total 47616K, used 8935K [0x0000000080000000, 0x0000000082e80000, 0x00000000d5580000)
  object space 47616K, 18% used [0x0000000080000000,0x00000000808b9d38,0x0000000082e80000)
 Metaspace       used 29709K, capacity 30895K, committed 31232K, reserved 1075200K
  class space    used 4252K, capacity 4515K, committed 4608K, reserved 1048576K
Event: 11.661 GC heap after
Heap after GC invocations=9 (full 1):
 PSYoungGen      total 105984K, used 8699K [0x00000000d5580000, 0x00000000dc880000, 0x0000000100000000)
  eden space 97280K, 0% used [0x00000000d5580000,0x00000000d5580000,0x00000000db480000)
  from space 8704K, 99% used [0x00000000dbe00000,0x00000000dc67ee78,0x00000000dc680000)
  to   space 9728K, 0% used [0x00000000db480000,0x00000000db480000,0x00000000dbe00000)
 ParOldGen       total 47616K, used 10386K [0x0000000080000000, 0x0000000082e80000, 0x00000000d5580000)
  object space 47616K, 21% used [0x0000000080000000,0x0000000080a24960,0x0000000082e80000)
 Metaspace       used 29709K, capacity 30895K, committed 31232K, reserved 1075200K
  class space    used 4252K, capacity 4515K, committed 4608K, reserved 1048576K
}
Event: 12.384 GC heap before
{Heap before GC invocations=10 (full 1):
 PSYoungGen      total 105984K, used 67810K [0x00000000d5580000, 0x00000000dc880000, 0x0000000100000000)
  eden space 97280K, 60% used [0x00000000d5580000,0x00000000d8f39aa8,0x00000000db480000)
  from space 8704K, 99% used [0x00000000dbe00000,0x00000000dc67ee78,0x00000000dc680000)
  to   space 9728K, 0% used [0x00000000db480000,0x00000000db480000,0x00000000dbe00000)
 ParOldGen       total 47616K, used 10386K [0x0000000080000000, 0x0000000082e80000, 0x00000000d5580000)
  object space 47616K, 21% used [0x0000000080000000,0x0000000080a24960,0x0000000082e80000)
 Metaspace       used 34064K, capacity 35441K, committed 35496K, reserved 1079296K
  class space    used 4694K, capacity 5010K, committed 5032K, reserved 1048576K
Event: 12.395 GC heap after
Heap after GC invocations=10 (full 1):
 PSYoungGen      total 107008K, used 8645K [0x00000000d5580000, 0x00000000dc880000, 0x0000000100000000)
  eden space 97280K, 0% used [0x00000000d5580000,0x00000000d5580000,0x00000000db480000)
  from space 9728K, 88% used [0x00000000db480000,0x00000000dbcf1658,0x00000000dbe00000)
  to   space 8704K, 0% used [0x00000000dbe00000,0x00000000dbe00000,0x00000000dc680000)
 ParOldGen       total 47616K, used 10394K [0x0000000080000000, 0x0000000082e80000, 0x00000000d5580000)
  object space 47616K, 21% used [0x0000000080000000,0x0000000080a26960,0x0000000082e80000)
 Metaspace       used 34064K, capacity 35441K, committed 35496K, reserved 1079296K
  class space    used 4694K, capacity 5010K, committed 5032K, reserved 1048576K
}
Event: 12.395 GC heap before
{Heap before GC invocations=11 (full 2):
 PSYoungGen      total 107008K, used 8645K [0x00000000d5580000, 0x00000000dc880000, 0x0000000100000000)
  eden space 97280K, 0% used [0x00000000d5580000,0x00000000d5580000,0x00000000db480000)
  from space 9728K, 88% used [0x00000000db480000,0x00000000dbcf1658,0x00000000dbe00000)
  to   space 8704K, 0% used [0x00000000dbe00000,0x00000000dbe00000,0x00000000dc680000)
 ParOldGen       total 47616K, used 10394K [0x0000000080000000, 0x0000000082e80000, 0x00000000d5580000)
  object space 47616K, 21% used [0x0000000080000000,0x0000000080a26960,0x0000000082e80000)
 Metaspace       used 34064K, capacity 35441K, committed 35496K, reserved 1079296K
  class space    used 4694K, capacity 5010K, committed 5032K, reserved 1048576K
Event: 12.449 GC heap after
Heap after GC invocations=11 (full 2):
 PSYoungGen      total 107008K, used 0K [0x00000000d5580000, 0x00000000dc880000, 0x0000000100000000)
  eden space 97280K, 0% used [0x00000000d5580000,0x00000000d5580000,0x00000000db480000)
  from space 9728K, 0% used [0x00000000db480000,0x00000000db480000,0x00000000dbe00000)
  to   space 8704K, 0% used [0x00000000dbe00000,0x00000000dbe00000,0x00000000dc680000)
 ParOldGen       total 68096K, used 15463K [0x0000000080000000, 0x0000000084280000, 0x00000000d5580000)
  object space 68096K, 22% used [0x0000000080000000,0x0000000080f19e18,0x0000000084280000)
 Metaspace       used 34064K, capacity 35441K, committed 35496K, reserved 1079296K
  class space    used 4694K, capacity 5010K, committed 5032K, reserved 1048576K
}
Event: 12.611 GC heap before
{Heap before GC invocations=12 (full 2):
 PSYoungGen      total 107008K, used 19141K [0x00000000d5580000, 0x00000000dc880000, 0x0000000100000000)
  eden space 97280K, 19% used [0x00000000d5580000,0x00000000d68315e8,0x00000000db480000)
  from space 9728K, 0% used [0x00000000db480000,0x00000000db480000,0x00000000dbe00000)
  to   space 8704K, 0% used [0x00000000dbe00000,0x00000000dbe00000,0x00000000dc680000)
 ParOldGen       total 68096K, used 15463K [0x0000000080000000, 0x0000000084280000, 0x00000000d5580000)
  object space 68096K, 22% used [0x0000000080000000,0x0000000080f19e18,0x0000000084280000)
 Metaspace       used 34601K, capacity 36007K, committed 36136K, reserved 1085440K
  class space    used 4776K, capacity 5088K, committed 5160K, reserved 1048576K
Event: 12.616 GC heap after
Heap after GC invocations=12 (full 2):
 PSYoungGen      total 105984K, used 1341K [0x00000000d5580000, 0x00000000dc880000, 0x0000000100000000)
  eden space 97280K, 0% used [0x00000000d5580000,0x00000000d5580000,0x00000000db480000)
  from space 8704K, 15% used [0x00000000dbe00000,0x00000000dbf4f438,0x00000000dc680000)
  to   space 9728K, 0% used [0x00000000db480000,0x00000000db480000,0x00000000dbe00000)
 ParOldGen       total 68096K, used 15463K [0x0000000080000000, 0x0000000084280000, 0x00000000d5580000)
  object space 68096K, 22% used [0x0000000080000000,0x0000000080f19e18,0x0000000084280000)
 Metaspace       used 34601K, capacity 36007K, committed 36136K, reserved 1085440K
  class space    used 4776K, capacity 5088K, committed 5160K, reserved 1048576K
}
Event: 12.616 GC heap before
{Heap before GC invocations=13 (full 3):
 PSYoungGen      total 105984K, used 1341K [0x00000000d5580000, 0x00000000dc880000, 0x0000000100000000)
  eden space 97280K, 0% used [0x00000000d5580000,0x00000000d5580000,0x00000000db480000)
  from space 8704K, 15% used [0x00000000dbe00000,0x00000000dbf4f438,0x00000000dc680000)
  to   space 9728K, 0% used [0x00000000db480000,0x00000000db480000,0x00000000dbe00000)
 ParOldGen       total 68096K, used 15463K [0x0000000080000000, 0x0000000084280000, 0x00000000d5580000)
  object space 68096K, 22% used [0x0000000080000000,0x0000000080f19e18,0x0000000084280000)
 Metaspace       used 34601K, capacity 36007K, committed 36136K, reserved 1085440K
  class space    used 4776K, capacity 5088K, committed 5160K, reserved 1048576K

Deoptimization events (10 events):
Event: 11.539 Thread 0x000000001b390800 Uncommon trap: reason=unstable_if action=reinterpret pc=0x00000000032bf6b4 method=java.lang.ClassLoader.getClassLoadingLock(Ljava/lang/String;)Ljava/lang/Object; @ 6
Event: 11.592 Thread 0x000000001b390800 Uncommon trap: reason=unstable_if action=reinterpret pc=0x0000000003521750 method=sun.reflect.misc.ReflectUtil.isNonPublicProxyClass(Ljava/lang/Class;)Z @ 14
Event: 11.664 Thread 0x00000000179a9000 Uncommon trap: reason=unstable_if action=reinterpret pc=0x00000000033b4f7c method=java.lang.ref.Reference.tryHandlePending(Z)Z @ 104
Event: 12.224 Thread 0x000000001b390800 Uncommon trap: reason=unstable_if action=reinterpret pc=0x00000000037695e4 method=java.util.HashMap.getNode(ILjava/lang/Object;)Ljava/util/HashMap$Node; @ 53
Event: 12.224 Thread 0x000000001b390800 Uncommon trap: reason=unstable_if action=reinterpret pc=0x0000000003171ef0 method=java.util.HashMap.hash(Ljava/lang/Object;)I @ 1
Event: 12.229 Thread 0x000000001b390800 Uncommon trap: reason=unstable_if action=reinterpret pc=0x000000000352432c method=org.gradle.internal.reflect.PropertyAccessorType.isGetGetterName(Ljava/lang/String;)Z @ 14
Event: 12.255 Thread 0x000000001b390800 Uncommon trap: reason=unstable_if action=reinterpret pc=0x000000000351f900 method=org.objectweb.asm.ByteVector.putShort(I)Lorg/objectweb/asm/ByteVector; @ 13
Event: 12.352 Thread 0x000000001c053800 Uncommon trap: reason=bimorphic action=maybe_recompile pc=0x00000000035e3328 method=java.io.BufferedInputStream.read([BII)I @ 101
Event: 12.357 Thread 0x000000001b390800 Uncommon trap: reason=unstable_if action=reinterpret pc=0x00000000033346b4 method=java.net.URLClassLoader.defineClass(Ljava/lang/String;Lsun/misc/Resource;)Ljava/lang/Class; @ 21
Event: 12.594 Thread 0x000000001b390800 Uncommon trap: reason=range_check action=make_not_entrant pc=0x000000000379b160 method=java.lang.String.charAt(I)C @ 27

Classes redefined (0 events):
No events

Internal exceptions (10 events):
Event: 12.527 Thread 0x000000001b390800 Exception <a 'java/lang/ClassNotFoundException': org/gradle/api/internal/DefaultNamedDomainObjectCollectionBeanInfo> (0x00000000d5e45f90) thrown at [C:\src\AOSP-openjdk-git\hotspot\src\share\vm\classfile\systemDictionary.cpp, line 210]
Event: 12.527 Thread 0x000000001b390800 Exception <a 'java/lang/ClassNotFoundException': org/gradle/api/internal/DefaultDomainObjectCollectionBeanInfo> (0x00000000d5e82ac8) thrown at [C:\src\AOSP-openjdk-git\hotspot\src\share\vm\classfile\systemDictionary.cpp, line 210]
Event: 12.528 Thread 0x000000001b390800 Exception <a 'java/lang/ClassNotFoundException': java/util/AbstractCollectionBeanInfo> (0x00000000d5e87298) thrown at [C:\src\AOSP-openjdk-git\hotspot\src\share\vm\classfile\systemDictionary.cpp, line 210]
Event: 12.528 Thread 0x000000001b390800 Exception <a 'java/lang/ClassNotFoundException': java/util/AbstractCollectionCustomizer> (0x00000000d5e8ba00) thrown at [C:\src\AOSP-openjdk-git\hotspot\src\share\vm\classfile\systemDictionary.cpp, line 210]
Event: 12.529 Thread 0x000000001b390800 Exception <a 'java/lang/ClassNotFoundException': org/gradle/api/internal/DefaultDomainObjectCollectionCustomizer> (0x00000000d5ed4008) thrown at [C:\src\AOSP-openjdk-git\hotspot\src\share\vm\classfile\systemDictionary.cpp, line 210]
Event: 12.532 Thread 0x000000001b390800 Exception <a 'java/lang/ClassNotFoundException': org/gradle/api/internal/DefaultNamedDomainObjectCollectionCustomizer> (0x00000000d5f3b200) thrown at [C:\src\AOSP-openjdk-git\hotspot\src\share\vm\classfile\systemDictionary.cpp, line 210]
Event: 12.536 Thread 0x000000001b390800 Exception <a 'java/lang/ClassNotFoundException': org/gradle/api/internal/DefaultNamedDomainObjectListCustomizer> (0x00000000d5fb8ac8) thrown at [C:\src\AOSP-openjdk-git\hotspot\src\share\vm\classfile\systemDictionary.cpp, line 210]
Event: 12.541 Thread 0x000000001b390800 Exception <a 'java/lang/ClassNotFoundException': org/gradle/api/internal/artifacts/DefaultArtifactRepositoryContainerCustomizer> (0x00000000d6037570) thrown at [C:\src\AOSP-openjdk-git\hotspot\src\share\vm\classfile\systemDictionary.cpp, line 210]
Event: 12.543 Thread 0x000000001b390800 Exception <a 'java/lang/ClassNotFoundException': org/gradle/api/internal/artifacts/dsl/DefaultRepositoryHandlerCustomizer> (0x00000000d60a6910) thrown at [C:\src\AOSP-openjdk-git\hotspot\src\share\vm\classfile\systemDictionary.cpp, line 210]
Event: 12.546 Thread 0x000000001b390800 Exception <a 'java/lang/ClassNotFoundException': org/gradle/api/internal/artifacts/dsl/DefaultRepositoryHandler_DecoratedCustomizer> (0x00000000d6135958) thrown at [C:\src\AOSP-openjdk-git\hotspot\src\share\vm\classfile\systemDictionary.cpp, line 210]

Events (10 events):
Event: 12.606 loading class org/gradle/internal/deprecation/DeprecationMessageBuilder$WithDeprecationTimeline done
Event: 12.607 loading class org/gradle/internal/deprecation/DeprecationMessageBuilder$WithDocumentation
Event: 12.607 loading class org/gradle/internal/deprecation/DeprecationMessageBuilder$WithDocumentation done
Event: 12.608 loading class org/gradle/internal/deprecation/DeprecationMessage
Event: 12.608 loading class org/gradle/internal/deprecation/DeprecationMessage done
Event: 12.610 loading class org/gradle/internal/featurelifecycle/DefaultDeprecatedUsageProgressDetails
Event: 12.610 loading class org/gradle/internal/featurelifecycle/DefaultDeprecatedUsageProgressDetails done
Event: 12.610 loading class org/gradle/internal/featurelifecycle/DeprecatedUsageProgressDetails
Event: 12.610 loading class org/gradle/internal/featurelifecycle/DeprecatedUsageProgressDetails done
Event: 12.611 Executing VM operation: CollectForMetadataAllocation


Dynamic libraries:
0x00007ff7eae70000 - 0x00007ff7eaea1000 	C:\Program Files\Android\Android Studio\jre\bin\java.exe
0x00007ffd3fd70000 - 0x00007ffd3ff5d000 	C:\Windows\SYSTEM32\ntdll.dll
0x00007ffd3f570000 - 0x00007ffd3f623000 	C:\Windows\System32\KERNEL32.DLL
0x00007ffd3ca30000 - 0x00007ffd3ccc5000 	C:\Windows\System32\KERNELBASE.dll
0x00007ffd3f0f0000 - 0x00007ffd3f193000 	C:\Windows\System32\ADVAPI32.dll
0x00007ffd3e740000 - 0x00007ffd3e7de000 	C:\Windows\System32\msvcrt.dll
0x00007ffd3e6a0000 - 0x00007ffd3e73e000 	C:\Windows\System32\sechost.dll
0x00007ffd3f8f0000 - 0x00007ffd3fa0f000 	C:\Windows\System32\RPCRT4.dll
0x00007ffd3e500000 - 0x00007ffd3e697000 	C:\Windows\System32\USER32.dll
0x00007ffd3c9c0000 - 0x00007ffd3c9e0000 	C:\Windows\System32\win32u.dll
0x00007ffd3ef30000 - 0x00007ffd3ef59000 	C:\Windows\System32\GDI32.dll
0x00007ffd3cd50000 - 0x00007ffd3ceec000 	C:\Windows\System32\gdi32full.dll
0x00007ffd3c580000 - 0x00007ffd3c620000 	C:\Windows\System32\msvcp_win.dll
0x00007ffd3c620000 - 0x00007ffd3c71a000 	C:\Windows\System32\ucrtbase.dll
0x00007ffd232f0000 - 0x00007ffd23569000 	C:\Windows\WinSxS\amd64_microsoft.windows.common-controls_6595b64144ccf1df_6.0.17763.1935_none_de70702c534c0c76\COMCTL32.dll
0x00007ffd3fa10000 - 0x00007ffd3fd3d000 	C:\Windows\System32\combase.dll
0x00007ffd3c940000 - 0x00007ffd3c9bf000 	C:\Windows\System32\bcryptPrimitives.dll
0x00007ffd3ef00000 - 0x00007ffd3ef2e000 	C:\Windows\System32\IMM32.DLL
0x0000000055690000 - 0x0000000055762000 	C:\Program Files\Android\Android Studio\jre\jre\bin\msvcr100.dll
0x0000000055850000 - 0x000000005609b000 	C:\Program Files\Android\Android Studio\jre\jre\bin\server\jvm.dll
0x00007ffd3e9f0000 - 0x00007ffd3e9f8000 	C:\Windows\System32\PSAPI.DLL
0x00007ffd1ccc0000 - 0x00007ffd1ccc9000 	C:\Windows\SYSTEM32\WSOCK32.dll
0x00007ffd38860000 - 0x00007ffd38884000 	C:\Windows\SYSTEM32\WINMM.dll
0x00007ffd340d0000 - 0x00007ffd340da000 	C:\Windows\SYSTEM32\VERSION.dll
0x00007ffd3f1a0000 - 0x00007ffd3f20d000 	C:\Windows\System32\WS2_32.dll
0x00007ffd38830000 - 0x00007ffd3885d000 	C:\Windows\SYSTEM32\WINMMBASE.dll
0x00007ffd3c9e0000 - 0x00007ffd3ca2a000 	C:\Windows\System32\cfgmgr32.dll
0x00007ffd34350000 - 0x00007ffd3435f000 	C:\Program Files\Android\Android Studio\jre\jre\bin\verify.dll
0x00007ffd223b0000 - 0x00007ffd223d9000 	C:\Program Files\Android\Android Studio\jre\jre\bin\java.dll
0x00007ffd17e10000 - 0x00007ffd17e26000 	C:\Program Files\Android\Android Studio\jre\jre\bin\zip.dll
0x00007ffd3cfa0000 - 0x00007ffd3e499000 	C:\Windows\System32\SHELL32.dll
0x00007ffd3f7e0000 - 0x00007ffd3f888000 	C:\Windows\System32\shcore.dll
0x00007ffd3be30000 - 0x00007ffd3c57b000 	C:\Windows\System32\windows.storage.dll
0x00007ffd3bd60000 - 0x00007ffd3bd84000 	C:\Windows\System32\profapi.dll
0x00007ffd3bdd0000 - 0x00007ffd3be2d000 	C:\Windows\System32\powrprof.dll
0x00007ffd3f890000 - 0x00007ffd3f8e2000 	C:\Windows\System32\shlwapi.dll
0x00007ffd3bd90000 - 0x00007ffd3bda1000 	C:\Windows\System32\kernel.appcore.dll
0x00007ffd3cd30000 - 0x00007ffd3cd47000 	C:\Windows\System32\cryptsp.dll
0x00007ffd17df0000 - 0x00007ffd17e0a000 	C:\Program Files\Android\Android Studio\jre\jre\bin\net.dll
0x00007ffd3b5a0000 - 0x00007ffd3b607000 	C:\Windows\system32\mswsock.dll
0x00007ffd17dd0000 - 0x00007ffd17de3000 	C:\Program Files\Android\Android Studio\jre\jre\bin\nio.dll
0x00007ffd30230000 - 0x00007ffd30257000 	C:\Users\mzenin\.gradle\native\49d0259a56938c7f99b2704e745ce422c4f750a7a20b539a32ccef96729676b1\windows-amd64\native-platform.dll
0x00007ffd07110000 - 0x00007ffd072a6000 	C:\Users\mzenin\.gradle\native\12488b8bf47d2d4c9fbf2f6322a914ad602e24e48041cd04a747c6da556b65c4\windows-amd64\native-platform-file-events.dll
0x00007ffd30a70000 - 0x00007ffd30a7d000 	C:\Program Files\Android\Android Studio\jre\jre\bin\management.dll
0x00007ffd3aed0000 - 0x00007ffd3af03000 	C:\Windows\system32\rsaenh.dll
0x00007ffd3c720000 - 0x00007ffd3c746000 	C:\Windows\System32\bcrypt.dll
0x00007ffd3bc90000 - 0x00007ffd3bcb9000 	C:\Windows\SYSTEM32\USERENV.dll
0x00007ffd3b770000 - 0x00007ffd3b77c000 	C:\Windows\SYSTEM32\CRYPTBASE.dll
0x00007ffd3b2c0000 - 0x00007ffd3b2fd000 	C:\Windows\SYSTEM32\IPHLPAPI.DLL
0x00007ffd3ea00000 - 0x00007ffd3ea08000 	C:\Windows\System32\NSI.dll
0x00007ffd2e150000 - 0x00007ffd2e166000 	C:\Windows\SYSTEM32\dhcpcsvc6.DLL
0x00007ffd2e1b0000 - 0x00007ffd2e1cc000 	C:\Windows\SYSTEM32\dhcpcsvc.DLL
0x00007ffd3b300000 - 0x00007ffd3b3c6000 	C:\Windows\SYSTEM32\DNSAPI.dll

VM Arguments:
jvm_args: -Xmx2048m -Dfile.encoding=UTF-8 -Duser.country=RU -Duser.language=ru -Duser.variant 
java_command: org.gradle.launcher.daemon.bootstrap.GradleDaemon 7.0
java_class_path (initial): C:\Users\mzenin\.gradle\wrapper\dists\gradle-7.0-bin\2p9ebqfz6ilrfozi676ogco7n\gradle-7.0\lib\gradle-launcher-7.0.jar
Launcher Type: SUN_STANDARD

Environment Variables:
PATH=C:\Program Files (x86)\NVIDIA Corporation\PhysX\Common;C:\Program Files (x86)\Common Files\Oracle\Java\javapath;C:\Windows\system32;C:\Windows;C:\Windows\System32\Wbem;C:\Windows\System32\WindowsPowerShell\v1.0\;C:\Windows\System32\OpenSSH\;C:\Program Files (x86)\Common Files\Acronis\SnapAPI\;C:\Program Files\Intel\WiFi\bin\;C:\Program Files\Common Files\Intel\WirelessCommon\;C:\Program Files\PuTTY\;C:\Users\mzenin\AppData\Local\Microsoft\WindowsApps;C:\Program Files\Intel\WiFi\bin\;C:\Program Files\Common Files\Intel\WirelessCommon\
USERNAME=mzenin
OS=Windows_NT
PROCESSOR_IDENTIFIER=Intel64 Family 6 Model 78 Stepping 3, GenuineIntel



---------------  S Y S T E M  ---------------

OS: Windows 10.0 , 64 bit Build 17763 (10.0.17763.1879)

CPU:total 4 (initial active 4) (2 cores per cpu, 2 threads per core) family 6 model 78 stepping 3, cmov, cx8, fxsr, mmx, sse, sse2, sse3, ssse3, sse4.1, sse4.2, popcnt, avx, avx2, aes, clmul, erms, 3dnowpref, lzcnt, ht, tsc, tscinvbit, bmi1, bmi2, adx

Memory: 4k page, physical 6162336k(177248k free), swap 8259488k(5160k free)

vm_info: OpenJDK 64-Bit Server VM (25.242-b01) for windows-amd64 JRE (1.8.0_242-release-1644-b01), built by "builder" with MS VC++ 10.0 (VS2010)

time: Wed May 19 21:08:34 2021
timezone: RTZ 2 (зима)
elapsed time: 12 seconds (0d 0h 0m 12s)

