#
# There is insufficient memory for the Java Runtime Environment to continue.
# Native memory allocation (malloc) failed to allocate 1624464 bytes for Chunk::new
# Possible reasons:
#   The system is out of physical RAM or swap space
#   The process is running with CompressedOops enabled, and the Java Heap may be blocking the growth of the native heap
# Possible solutions:
#   Reduce memory load on the system
#   Increase physical memory or swap space
#   Check if swap backing store is full
#   Decrease Java heap size (-Xmx/-Xms)
#   Decrease number of Java threads
#   Decrease Java thread stack sizes (-Xss)
#   Set larger code cache with -XX:ReservedCodeCacheSize=
#   JVM is running with Unscaled Compressed Oops mode in which the Java heap is
#     placed in the first 4GB address space. The Java Heap base address is the
#     maximum limit for the native heap growth. Please use -XX:HeapBaseMinAddress
#     to set the Java Heap base and to place the Java Heap above 4GB virtual address.
# This output file may be truncated or incomplete.
#
#  Out of Memory Error (allocation.cpp:389), pid=6220, tid=0x0000000000001bcc
#
# JRE version: OpenJDK Runtime Environment (8.0_242-b01) (build 1.8.0_242-release-1644-b01)
# Java VM: OpenJDK 64-Bit Server VM (25.242-b01 mixed mode windows-amd64 compressed oops)
# Failed to write core dump. Minidumps are not enabled by default on client versions of Windows
#

---------------  T H R E A D  ---------------

Current thread (0x0000000017716800):  JavaThread "C2 CompilerThread0" daemon [_thread_in_native, id=7116, stack(0x0000000018d60000,0x0000000018e60000)]

Stack: [0x0000000018d60000,0x0000000018e60000]
[error occurred during error reporting (printing stack bounds), id 0xc0000005]

Native frames: (J=compiled Java code, j=interpreted, Vv=VM code, C=native code)


Current CompileTask:
C2:   3761 1530       4       java.net.URLClassLoader$1::run (5 bytes)


---------------  P R O C E S S  ---------------

Java Threads: ( => current thread )
  0x000000001b3db000 JavaThread "Cache worker for journal cache (C:\Users\mzenin\.gradle\caches\journal-1)" [_thread_blocked, id=8368, stack(0x000000001d690000,0x000000001d790000)]
  0x000000001b3dc800 JavaThread "File lock request listener" [_thread_in_native, id=5312, stack(0x000000001d390000,0x000000001d490000)]
  0x000000001b633800 JavaThread "Cache worker for file hash cache (C:\Users\mzenin\.gradle\caches\7.0.2\fileHashes)" [_thread_blocked, id=8084, stack(0x000000001d290000,0x000000001d390000)]
  0x000000001b120800 JavaThread "Daemon client event forwarder" [_thread_blocked, id=11248, stack(0x000000001cf90000,0x000000001d090000)]
  0x000000001b1b8800 JavaThread "Stdin handler" [_thread_blocked, id=7944, stack(0x000000001ce90000,0x000000001cf90000)]
  0x000000001b1b8000 JavaThread "Asynchronous log dispatcher for DefaultDaemonConnection: socket connection from /127.0.0.1:50114 to /127.0.0.1:50115" [_thread_blocked, id=740, stack(0x000000001cd90000,0x000000001ce90000)]
  0x000000001b11b800 JavaThread "Daemon worker" [_thread_in_vm, id=10112, stack(0x000000001cc90000,0x000000001cd90000)]
  0x000000001a706000 JavaThread "Cancel handler" [_thread_blocked, id=7696, stack(0x000000001cb90000,0x000000001cc90000)]
  0x000000001b0de000 JavaThread "Handler for socket connection from /127.0.0.1:50114 to /127.0.0.1:50115" [_thread_in_native, id=2000, stack(0x000000001ca90000,0x000000001cb90000)]
  0x000000001b0db800 JavaThread "Daemon" [_thread_blocked, id=7876, stack(0x000000001c990000,0x000000001ca90000)]
  0x000000001a25c800 JavaThread "Daemon periodic checks" [_thread_blocked, id=10544, stack(0x000000001c690000,0x000000001c790000)]
  0x000000001a191800 JavaThread "Incoming local TCP Connector on port 50114" [_thread_in_native, id=6792, stack(0x000000001c440000,0x000000001c540000)]
  0x0000000019ef0800 JavaThread "Daemon health stats" [_thread_blocked, id=4776, stack(0x000000001c000000,0x000000001c100000)]
  0x0000000019089800 JavaThread "Service Thread" daemon [_thread_blocked, id=10976, stack(0x0000000019460000,0x0000000019560000)]
  0x0000000017767800 JavaThread "C1 CompilerThread2" daemon [_thread_blocked, id=6040, stack(0x0000000018f60000,0x0000000019060000)]
  0x0000000017764800 JavaThread "C2 CompilerThread1" daemon [_thread_in_native, id=7740, stack(0x0000000018e60000,0x0000000018f60000)]
=>0x0000000017716800 JavaThread "C2 CompilerThread0" daemon [_thread_in_native, id=7116, stack(0x0000000018d60000,0x0000000018e60000)]
  0x0000000017715800 JavaThread "Attach Listener" daemon [_thread_blocked, id=8228, stack(0x0000000018c60000,0x0000000018d60000)]
  0x0000000017713000 JavaThread "Signal Dispatcher" daemon [_thread_blocked, id=9292, stack(0x0000000018b60000,0x0000000018c60000)]
  0x0000000002aec000 JavaThread "Finalizer" daemon [_thread_blocked, id=6676, stack(0x0000000018960000,0x0000000018a60000)]
  0x00000000176f9000 JavaThread "Reference Handler" daemon [_thread_blocked, id=2404, stack(0x0000000018860000,0x0000000018960000)]
  0x00000000029ed800 JavaThread "main" [_thread_blocked, id=8584, stack(0x00000000028b0000,0x00000000029b0000)]

Other Threads:
  0x00000000176d6000 VMThread [stack: 0x0000000018760000,0x0000000018860000] [id=8720]
  0x000000001776c800 WatcherThread [stack: 0x0000000019560000,0x0000000019660000] [id=10260]

VM state:not at safepoint (normal execution)

VM Mutex/Monitor currently owned by a thread: None

heap address: 0x0000000080000000, size: 2048 MB, Compressed Oops mode: 32-bit
Narrow klass base: 0x0000000000000000, Narrow klass shift: 3
Compressed class space size: 1073741824 Address: 0x0000000100000000

Heap:
 PSYoungGen      total 53248K, used 33322K [0x00000000d5580000, 0x00000000d8d80000, 0x0000000100000000)
  eden space 49152K, 59% used [0x00000000d5580000,0x00000000d720d798,0x00000000d8580000)
  from space 4096K, 99% used [0x00000000d8580000,0x00000000d897d320,0x00000000d8980000)
  to   space 4096K, 0% used [0x00000000d8980000,0x00000000d8980000,0x00000000d8d80000)
 ParOldGen       total 65536K, used 5688K [0x0000000080000000, 0x0000000084000000, 0x00000000d5580000)
  object space 65536K, 8% used [0x0000000080000000,0x000000008058e158,0x0000000084000000)
 Metaspace       used 17042K, capacity 17732K, committed 18048K, reserved 1064960K
  class space    used 2394K, capacity 2582K, committed 2688K, reserved 1048576K

Card table byte_map: [0x0000000011eb0000,0x00000000122c0000] byte_map_base: 0x0000000011ab0000

Marking Bits: (ParMarkBitMap*) 0x000000005601f030
 Begin Bits: [0x0000000012970000, 0x0000000014970000)
 End Bits:   [0x0000000014970000, 0x0000000016970000)

Polling page: 0x0000000002810000

CodeCache: size=245760Kb used=5841Kb max_used=5841Kb free=239918Kb
 bounds [0x0000000002af0000, 0x00000000030b0000, 0x0000000011af0000]
 total_blobs=2085 nmethods=1670 adapters=328
 compilation: enabled

Compilation events (10 events):
Event: 3.754 Thread 0x0000000017767800 nmethod 1669 0x000000000309fc50 code [0x000000000309fdc0, 0x000000000309ffe8]
Event: 3.754 Thread 0x0000000017767800 1670   !   3       org.gradle.internal.service.MethodHandleBasedServiceMethodFactory::toServiceMethod (51 bytes)
Event: 3.755 Thread 0x0000000017767800 nmethod 1670 0x00000000030a00d0 code [0x00000000030a0360, 0x00000000030a1548]
Event: 3.755 Thread 0x0000000017767800 1673       3       java.lang.reflect.Method::getGenericReturnType (20 bytes)
Event: 3.756 Thread 0x0000000017767800 nmethod 1673 0x00000000030a1f50 code [0x00000000030a2140, 0x00000000030a2b38]
Event: 3.756 Thread 0x0000000017767800 1671       3       java.lang.reflect.Method::getGenericParameterTypes (5 bytes)
Event: 3.757 Thread 0x0000000017767800 nmethod 1671 0x00000000030a3190 code [0x00000000030a33c0, 0x00000000030a40e8]
Event: 3.757 Thread 0x0000000017767800 1672       3       java.lang.reflect.Method::hasGenericInformation (13 bytes)
Event: 3.757 Thread 0x0000000017767800 nmethod 1672 0x00000000030a4a50 code [0x00000000030a4ba0, 0x00000000030a4d70]
Event: 3.757 Thread 0x0000000017767800 1674       3       org.gradle.internal.service.AbstractServiceMethod::<init> (42 bytes)

GC Heap History (10 events):
Event: 1.405 GC heap before
{Heap before GC invocations=1 (full 0):
 PSYoungGen      total 28672K, used 24576K [0x00000000d5580000, 0x00000000d7580000, 0x0000000100000000)
  eden space 24576K, 100% used [0x00000000d5580000,0x00000000d6d80000,0x00000000d6d80000)
  from space 4096K, 0% used [0x00000000d7180000,0x00000000d7180000,0x00000000d7580000)
  to   space 4096K, 0% used [0x00000000d6d80000,0x00000000d6d80000,0x00000000d7180000)
 ParOldGen       total 65536K, used 0K [0x0000000080000000, 0x0000000084000000, 0x00000000d5580000)
  object space 65536K, 0% used [0x0000000080000000,0x0000000080000000,0x0000000084000000)
 Metaspace       used 6782K, capacity 7088K, committed 7424K, reserved 1056768K
  class space    used 822K, capacity 919K, committed 1024K, reserved 1048576K
Event: 1.409 GC heap after
Heap after GC invocations=1 (full 0):
 PSYoungGen      total 28672K, used 3295K [0x00000000d5580000, 0x00000000d7580000, 0x0000000100000000)
  eden space 24576K, 0% used [0x00000000d5580000,0x00000000d5580000,0x00000000d6d80000)
  from space 4096K, 80% used [0x00000000d6d80000,0x00000000d70b7f98,0x00000000d7180000)
  to   space 4096K, 0% used [0x00000000d7180000,0x00000000d7180000,0x00000000d7580000)
 ParOldGen       total 65536K, used 8K [0x0000000080000000, 0x0000000084000000, 0x00000000d5580000)
  object space 65536K, 0% used [0x0000000080000000,0x0000000080002000,0x0000000084000000)
 Metaspace       used 6782K, capacity 7088K, committed 7424K, reserved 1056768K
  class space    used 822K, capacity 919K, committed 1024K, reserved 1048576K
}
Event: 1.775 GC heap before
{Heap before GC invocations=2 (full 0):
 PSYoungGen      total 28672K, used 27871K [0x00000000d5580000, 0x00000000d7580000, 0x0000000100000000)
  eden space 24576K, 100% used [0x00000000d5580000,0x00000000d6d80000,0x00000000d6d80000)
  from space 4096K, 80% used [0x00000000d6d80000,0x00000000d70b7f98,0x00000000d7180000)
  to   space 4096K, 0% used [0x00000000d7180000,0x00000000d7180000,0x00000000d7580000)
 ParOldGen       total 65536K, used 8K [0x0000000080000000, 0x0000000084000000, 0x00000000d5580000)
  object space 65536K, 0% used [0x0000000080000000,0x0000000080002000,0x0000000084000000)
 Metaspace       used 7747K, capacity 8006K, committed 8320K, reserved 1056768K
  class space    used 948K, capacity 1054K, committed 1152K, reserved 1048576K
Event: 1.781 GC heap after
Heap after GC invocations=2 (full 0):
 PSYoungGen      total 28672K, used 4090K [0x00000000d5580000, 0x00000000d7580000, 0x0000000100000000)
  eden space 24576K, 0% used [0x00000000d5580000,0x00000000d5580000,0x00000000d6d80000)
  from space 4096K, 99% used [0x00000000d7180000,0x00000000d757ebc8,0x00000000d7580000)
  to   space 4096K, 0% used [0x00000000d6d80000,0x00000000d6d80000,0x00000000d7180000)
 ParOldGen       total 65536K, used 71K [0x0000000080000000, 0x0000000084000000, 0x00000000d5580000)
  object space 65536K, 0% used [0x0000000080000000,0x0000000080011d08,0x0000000084000000)
 Metaspace       used 7747K, capacity 8006K, committed 8320K, reserved 1056768K
  class space    used 948K, capacity 1054K, committed 1152K, reserved 1048576K
}
Event: 2.005 GC heap before
{Heap before GC invocations=3 (full 0):
 PSYoungGen      total 28672K, used 28666K [0x00000000d5580000, 0x00000000d7580000, 0x0000000100000000)
  eden space 24576K, 100% used [0x00000000d5580000,0x00000000d6d80000,0x00000000d6d80000)
  from space 4096K, 99% used [0x00000000d7180000,0x00000000d757ebc8,0x00000000d7580000)
  to   space 4096K, 0% used [0x00000000d6d80000,0x00000000d6d80000,0x00000000d7180000)
 ParOldGen       total 65536K, used 71K [0x0000000080000000, 0x0000000084000000, 0x00000000d5580000)
  object space 65536K, 0% used [0x0000000080000000,0x0000000080011d08,0x0000000084000000)
 Metaspace       used 7872K, capacity 8134K, committed 8320K, reserved 1056768K
  class space    used 957K, capacity 1054K, committed 1152K, reserved 1048576K
Event: 2.009 GC heap after
Heap after GC invocations=3 (full 0):
 PSYoungGen      total 28672K, used 3560K [0x00000000d5580000, 0x00000000d8d80000, 0x0000000100000000)
  eden space 24576K, 0% used [0x00000000d5580000,0x00000000d5580000,0x00000000d6d80000)
  from space 4096K, 86% used [0x00000000d6d80000,0x00000000d70fa268,0x00000000d7180000)
  to   space 4096K, 0% used [0x00000000d8980000,0x00000000d8980000,0x00000000d8d80000)
 ParOldGen       total 65536K, used 79K [0x0000000080000000, 0x0000000084000000, 0x00000000d5580000)
  object space 65536K, 0% used [0x0000000080000000,0x0000000080013d08,0x0000000084000000)
 Metaspace       used 7872K, capacity 8134K, committed 8320K, reserved 1056768K
  class space    used 957K, capacity 1054K, committed 1152K, reserved 1048576K
}
Event: 2.246 GC heap before
{Heap before GC invocations=4 (full 0):
 PSYoungGen      total 28672K, used 28136K [0x00000000d5580000, 0x00000000d8d80000, 0x0000000100000000)
  eden space 24576K, 100% used [0x00000000d5580000,0x00000000d6d80000,0x00000000d6d80000)
  from space 4096K, 86% used [0x00000000d6d80000,0x00000000d70fa268,0x00000000d7180000)
  to   space 4096K, 0% used [0x00000000d8980000,0x00000000d8980000,0x00000000d8d80000)
 ParOldGen       total 65536K, used 79K [0x0000000080000000, 0x0000000084000000, 0x00000000d5580000)
  object space 65536K, 0% used [0x0000000080000000,0x0000000080013d08,0x0000000084000000)
 Metaspace       used 9803K, capacity 10112K, committed 10240K, reserved 1058816K
  class space    used 1283K, capacity 1416K, committed 1536K, reserved 1048576K
Event: 2.252 GC heap after
Heap after GC invocations=4 (full 0):
 PSYoungGen      total 53248K, used 4084K [0x00000000d5580000, 0x00000000d8d80000, 0x0000000100000000)
  eden space 49152K, 0% used [0x00000000d5580000,0x00000000d5580000,0x00000000d8580000)
  from space 4096K, 99% used [0x00000000d8980000,0x00000000d8d7d300,0x00000000d8d80000)
  to   space 4096K, 0% used [0x00000000d8580000,0x00000000d8580000,0x00000000d8980000)
 ParOldGen       total 65536K, used 1292K [0x0000000080000000, 0x0000000084000000, 0x00000000d5580000)
  object space 65536K, 1% used [0x0000000080000000,0x00000000801430b8,0x0000000084000000)
 Metaspace       used 9803K, capacity 10112K, committed 10240K, reserved 1058816K
  class space    used 1283K, capacity 1416K, committed 1536K, reserved 1048576K
}
Event: 3.385 GC heap before
{Heap before GC invocations=5 (full 0):
 PSYoungGen      total 53248K, used 53236K [0x00000000d5580000, 0x00000000d8d80000, 0x0000000100000000)
  eden space 49152K, 100% used [0x00000000d5580000,0x00000000d8580000,0x00000000d8580000)
  from space 4096K, 99% used [0x00000000d8980000,0x00000000d8d7d300,0x00000000d8d80000)
  to   space 4096K, 0% used [0x00000000d8580000,0x00000000d8580000,0x00000000d8980000)
 ParOldGen       total 65536K, used 1292K [0x0000000080000000, 0x0000000084000000, 0x00000000d5580000)
  object space 65536K, 1% used [0x0000000080000000,0x00000000801430b8,0x0000000084000000)
 Metaspace       used 14754K, capacity 15258K, committed 15616K, reserved 1062912K
  class space    used 2026K, capacity 2213K, committed 2304K, reserved 1048576K
Event: 3.400 GC heap after
Heap after GC invocations=5 (full 0):
 PSYoungGen      total 53248K, used 4084K [0x00000000d5580000, 0x00000000d8d80000, 0x0000000100000000)
  eden space 49152K, 0% used [0x00000000d5580000,0x00000000d5580000,0x00000000d8580000)
  from space 4096K, 99% used [0x00000000d8580000,0x00000000d897d320,0x00000000d8980000)
  to   space 4096K, 0% used [0x00000000d8980000,0x00000000d8980000,0x00000000d8d80000)
 ParOldGen       total 65536K, used 5688K [0x0000000080000000, 0x0000000084000000, 0x00000000d5580000)
  object space 65536K, 8% used [0x0000000080000000,0x000000008058e158,0x0000000084000000)
 Metaspace       used 14754K, capacity 15258K, committed 15616K, reserved 1062912K
  class space    used 2026K, capacity 2213K, committed 2304K, reserved 1048576K
}

Deoptimization events (10 events):
Event: 2.952 Thread 0x000000001b0de000 Uncommon trap: reason=unstable_if action=reinterpret pc=0x0000000002f599a8 method=java.util.concurrent.ConcurrentHashMap.putVal(Ljava/lang/Object;Ljava/lang/Object;Z)Ljava/lang/Object; @ 206
Event: 2.974 Thread 0x000000001b0de000 Uncommon trap: reason=unstable_if action=reinterpret pc=0x0000000002e69214 method=java.lang.String.substring(I)Ljava/lang/String; @ 35
Event: 3.345 Thread 0x000000001b11b800 Uncommon trap: reason=class_check action=maybe_recompile pc=0x0000000002e7be14 method=java.util.regex.Matcher.match(II)Z @ 86
Event: 3.367 Thread 0x000000001b11b800 Uncommon trap: reason=class_check action=maybe_recompile pc=0x0000000002e7be14 method=java.util.regex.Matcher.match(II)Z @ 86
Event: 3.367 Thread 0x000000001b11b800 Uncommon trap: reason=class_check action=maybe_recompile pc=0x0000000002e7be14 method=java.util.regex.Matcher.match(II)Z @ 86
Event: 3.368 Thread 0x000000001b11b800 Uncommon trap: reason=class_check action=maybe_recompile pc=0x0000000002cacce0 method=java.util.regex.Matcher.match(II)Z @ 86
Event: 3.470 Thread 0x000000001b11b800 Uncommon trap: reason=unstable_if action=reinterpret pc=0x0000000002cc8384 method=java.io.WinNTFileSystem.resolve(Ljava/lang/String;Ljava/lang/String;)Ljava/lang/String; @ 19
Event: 3.472 Thread 0x000000001b11b800 Uncommon trap: reason=unstable_if action=reinterpret pc=0x0000000002e74a0c method=java.io.File.getName()Ljava/lang/String; @ 16
Event: 3.588 Thread 0x000000001b11b800 Uncommon trap: reason=unstable_if action=reinterpret pc=0x0000000002d995b4 method=java.util.HashMap.getNode(ILjava/lang/Object;)Ljava/util/HashMap$Node; @ 129
Event: 3.588 Thread 0x000000001b11b800 Uncommon trap: reason=unstable_if action=reinterpret pc=0x0000000002d57a04 method=java.util.HashMap.getNode(ILjava/lang/Object;)Ljava/util/HashMap$Node; @ 129

Classes redefined (0 events):
No events

Internal exceptions (10 events):
Event: 2.969 Thread 0x000000001b0de000 Exception <a 'java/lang/NoSuchMethodError': <clinit>> (0x00000000d5dfea78) thrown at [C:\src\AOSP-openjdk-git\hotspot\src\share\vm\prims\jni.cpp, line 1615]
Event: 2.981 Thread 0x000000001b0de000 Exception <a 'java/lang/NoSuchMethodError': <clinit>> (0x00000000d5e84a10) thrown at [C:\src\AOSP-openjdk-git\hotspot\src\share\vm\prims\jni.cpp, line 1615]
Event: 2.984 Thread 0x000000001b0de000 Exception <a 'java/lang/NoSuchMethodError': <clinit>> (0x00000000d5eb5e08) thrown at [C:\src\AOSP-openjdk-git\hotspot\src\share\vm\prims\jni.cpp, line 1615]
Event: 2.990 Thread 0x000000001b0de000 Exception <a 'java/lang/NoSuchMethodError': <clinit>> (0x00000000d5ee48f8) thrown at [C:\src\AOSP-openjdk-git\hotspot\src\share\vm\prims\jni.cpp, line 1615]
Event: 3.235 Thread 0x000000001b11b800 Exception <a 'java/lang/NoSuchMethodError': java.lang.Object.lambda$static$0(Lorg/gradle/internal/state/ModelObject;)Ljava/lang/String;> (0x00000000d7499000) thrown at [C:\src\AOSP-openjdk-git\hotspot\src\share\vm\interpreter\linkResolver.cpp, line 620]
Event: 3.331 Thread 0x000000001b11b800 Exception <a 'java/lang/IncompatibleClassChangeError': Found class java.lang.Object, but interface was expected> (0x00000000d81f0d08) thrown at [C:\src\AOSP-openjdk-git\hotspot\src\share\vm\interpreter\linkResolver.cpp, line 653]
Event: 3.528 Thread 0x000000001b11b800 Exception <a 'java/lang/NoSuchMethodError': java.lang.Object.lambda$and$0(Ljava/util/function/Predicate;Ljava/lang/Object;)Z> (0x00000000d5d39340) thrown at [C:\src\AOSP-openjdk-git\hotspot\src\share\vm\interpreter\linkResolver.cpp, line 620]
Event: 3.532 Thread 0x000000001b11b800 Exception <a 'java/lang/IncompatibleClassChangeError': Found class java.lang.Object, but interface was expected> (0x00000000d5d49700) thrown at [C:\src\AOSP-openjdk-git\hotspot\src\share\vm\interpreter\linkResolver.cpp, line 653]
Event: 3.533 Thread 0x000000001b11b800 Exception <a 'java/lang/NoSuchMethodError': java.lang.Object.lambda$or$2(Ljava/util/function/Predicate;Ljava/lang/Object;)Z> (0x00000000d5d4e410) thrown at [C:\src\AOSP-openjdk-git\hotspot\src\share\vm\interpreter\linkResolver.cpp, line 620]
Event: 3.574 Thread 0x000000001b11b800 Exception <a 'java/lang/NoSuchMethodError': java.lang.Object.lambda$comparing$77a9974f$1(Ljava/util/function/Function;Ljava/lang/Object;Ljava/lang/Object;)I> (0x00000000d621ae28) thrown at [C:\src\AOSP-openjdk-git\hotspot\src\share\vm\interpreter\linkReso

Events (10 events):
Event: 3.754 loading class org/gradle/api/internal/artifacts/ivyservice/ivyresolve/ResolverProviderFactory
Event: 3.754 loading class org/gradle/api/internal/artifacts/ivyservice/ivyresolve/ResolverProviderFactory done
Event: 3.755 loading class org/gradle/internal/component/external/model/ModuleComponentArtifactMetadata
Event: 3.755 loading class org/gradle/internal/component/external/model/ModuleComponentArtifactMetadata done
Event: 3.755 loading class org/gradle/internal/component/model/ComponentArtifactMetadata
Event: 3.755 loading class org/gradle/internal/component/model/ComponentArtifactMetadata done
Event: 3.756 loading class org/gradle/api/internal/artifacts/ivyservice/projectmodule/ProjectArtifactResolver
Event: 3.756 loading class org/gradle/api/internal/artifacts/ivyservice/projectmodule/ProjectArtifactResolver done
Event: 3.757 loading class org/gradle/api/internal/artifacts/ivyservice/projectmodule/ProjectArtifactSetResolver
Event: 3.757 loading class org/gradle/api/internal/artifacts/ivyservice/projectmodule/ProjectArtifactSetResolver done


Dynamic libraries:
0x00007ff7eae70000 - 0x00007ff7eaea1000 	C:\Program Files\Android\Android Studio\jre\bin\java.exe
0x00007ffd3fd70000 - 0x00007ffd3ff5d000 	C:\Windows\SYSTEM32\ntdll.dll
0x00007ffd3f570000 - 0x00007ffd3f623000 	C:\Windows\System32\KERNEL32.DLL
0x00007ffd3ca30000 - 0x00007ffd3ccc5000 	C:\Windows\System32\KERNELBASE.dll
0x00007ffd3f0f0000 - 0x00007ffd3f193000 	C:\Windows\System32\ADVAPI32.dll
0x00007ffd3e740000 - 0x00007ffd3e7de000 	C:\Windows\System32\msvcrt.dll
0x00007ffd3e6a0000 - 0x00007ffd3e73e000 	C:\Windows\System32\sechost.dll
0x00007ffd3f8f0000 - 0x00007ffd3fa0f000 	C:\Windows\System32\RPCRT4.dll
0x00007ffd3e500000 - 0x00007ffd3e697000 	C:\Windows\System32\USER32.dll
0x00007ffd3c9c0000 - 0x00007ffd3c9e0000 	C:\Windows\System32\win32u.dll
0x00007ffd3ef30000 - 0x00007ffd3ef59000 	C:\Windows\System32\GDI32.dll
0x00007ffd3cd50000 - 0x00007ffd3ceec000 	C:\Windows\System32\gdi32full.dll
0x00007ffd3c580000 - 0x00007ffd3c620000 	C:\Windows\System32\msvcp_win.dll
0x00007ffd3c620000 - 0x00007ffd3c71a000 	C:\Windows\System32\ucrtbase.dll
0x00007ffd232f0000 - 0x00007ffd23569000 	C:\Windows\WinSxS\amd64_microsoft.windows.common-controls_6595b64144ccf1df_6.0.17763.1935_none_de70702c534c0c76\COMCTL32.dll
0x00007ffd3fa10000 - 0x00007ffd3fd3d000 	C:\Windows\System32\combase.dll
0x00007ffd3c940000 - 0x00007ffd3c9bf000 	C:\Windows\System32\bcryptPrimitives.dll
0x00007ffd3ef00000 - 0x00007ffd3ef2e000 	C:\Windows\System32\IMM32.DLL
0x0000000055690000 - 0x0000000055762000 	C:\Program Files\Android\Android Studio\jre\jre\bin\msvcr100.dll
0x0000000055850000 - 0x000000005609b000 	C:\Program Files\Android\Android Studio\jre\jre\bin\server\jvm.dll
0x00007ffd3e9f0000 - 0x00007ffd3e9f8000 	C:\Windows\System32\PSAPI.DLL
0x00007ffd1ccc0000 - 0x00007ffd1ccc9000 	C:\Windows\SYSTEM32\WSOCK32.dll
0x00007ffd38860000 - 0x00007ffd38884000 	C:\Windows\SYSTEM32\WINMM.dll
0x00007ffd340d0000 - 0x00007ffd340da000 	C:\Windows\SYSTEM32\VERSION.dll
0x00007ffd3f1a0000 - 0x00007ffd3f20d000 	C:\Windows\System32\WS2_32.dll
0x00007ffd38830000 - 0x00007ffd3885d000 	C:\Windows\SYSTEM32\winmmbase.dll
0x00007ffd3c9e0000 - 0x00007ffd3ca2a000 	C:\Windows\System32\cfgmgr32.dll
0x00007ffd34350000 - 0x00007ffd3435f000 	C:\Program Files\Android\Android Studio\jre\jre\bin\verify.dll
0x00007ffd223b0000 - 0x00007ffd223d9000 	C:\Program Files\Android\Android Studio\jre\jre\bin\java.dll
0x00007ffd17e10000 - 0x00007ffd17e26000 	C:\Program Files\Android\Android Studio\jre\jre\bin\zip.dll
0x00007ffd3cfa0000 - 0x00007ffd3e499000 	C:\Windows\System32\SHELL32.dll
0x00007ffd3f7e0000 - 0x00007ffd3f888000 	C:\Windows\System32\shcore.dll
0x00007ffd3be30000 - 0x00007ffd3c57b000 	C:\Windows\System32\windows.storage.dll
0x00007ffd3bd60000 - 0x00007ffd3bd84000 	C:\Windows\System32\profapi.dll
0x00007ffd3bdd0000 - 0x00007ffd3be2d000 	C:\Windows\System32\powrprof.dll
0x00007ffd3f890000 - 0x00007ffd3f8e2000 	C:\Windows\System32\shlwapi.dll
0x00007ffd3bd90000 - 0x00007ffd3bda1000 	C:\Windows\System32\kernel.appcore.dll
0x00007ffd3cd30000 - 0x00007ffd3cd47000 	C:\Windows\System32\cryptsp.dll
0x00007ffd17df0000 - 0x00007ffd17e0a000 	C:\Program Files\Android\Android Studio\jre\jre\bin\net.dll
0x00007ffd3b5a0000 - 0x00007ffd3b607000 	C:\Windows\system32\mswsock.dll
0x00007ffd17dd0000 - 0x00007ffd17de3000 	C:\Program Files\Android\Android Studio\jre\jre\bin\nio.dll
0x00007ffd2d730000 - 0x00007ffd2d757000 	C:\Users\mzenin\.gradle\native\8bec1ad78214c89d9ad589b4d07fe93259594b29d510b10fafb7a158f7737e5d\windows-amd64\native-platform.dll
0x00007ffd2d380000 - 0x00007ffd2d4bd000 	C:\Users\mzenin\.gradle\native\53dbd7edfb1c66fb8903c78663c9afc45aea4f116125fa6feffd364cf09443e8\windows-amd64\native-platform-file-events.dll
0x00007ffd30a70000 - 0x00007ffd30a7d000 	C:\Program Files\Android\Android Studio\jre\jre\bin\management.dll
0x00007ffd3aed0000 - 0x00007ffd3af03000 	C:\Windows\system32\rsaenh.dll
0x00007ffd3c720000 - 0x00007ffd3c746000 	C:\Windows\System32\bcrypt.dll
0x00007ffd3bc90000 - 0x00007ffd3bcb9000 	C:\Windows\SYSTEM32\USERENV.dll
0x00007ffd3b770000 - 0x00007ffd3b77c000 	C:\Windows\SYSTEM32\CRYPTBASE.dll
0x00007ffd3b2c0000 - 0x00007ffd3b2fd000 	C:\Windows\SYSTEM32\IPHLPAPI.DLL
0x00007ffd3ea00000 - 0x00007ffd3ea08000 	C:\Windows\System32\NSI.dll
0x00007ffd2e150000 - 0x00007ffd2e166000 	C:\Windows\SYSTEM32\dhcpcsvc6.DLL
0x00007ffd2e1b0000 - 0x00007ffd2e1cc000 	C:\Windows\SYSTEM32\dhcpcsvc.DLL
0x00007ffd3b300000 - 0x00007ffd3b3c6000 	C:\Windows\SYSTEM32\DNSAPI.dll

VM Arguments:
jvm_args: -Xmx2048m -Dfile.encoding=UTF-8 -Duser.country=RU -Duser.language=ru -Duser.variant 
java_command: org.gradle.launcher.daemon.bootstrap.GradleDaemon 7.0.2
java_class_path (initial): C:\Users\mzenin\.gradle\wrapper\dists\gradle-7.0.2-bin\857tjihv64xamwrf0h14cai3r\gradle-7.0.2\lib\gradle-launcher-7.0.2.jar
Launcher Type: SUN_STANDARD

Environment Variables:
PATH=C:\Program Files (x86)\NVIDIA Corporation\PhysX\Common;C:\Program Files (x86)\Common Files\Oracle\Java\javapath;C:\Windows\system32;C:\Windows;C:\Windows\System32\Wbem;C:\Windows\System32\WindowsPowerShell\v1.0\;C:\Windows\System32\OpenSSH\;C:\Program Files (x86)\Common Files\Acronis\SnapAPI\;C:\Program Files\Intel\WiFi\bin\;C:\Program Files\Common Files\Intel\WirelessCommon\;C:\Program Files\PuTTY\;C:\Users\mzenin\AppData\Local\Microsoft\WindowsApps;C:\Program Files\Intel\WiFi\bin\;C:\Program Files\Common Files\Intel\WirelessCommon\
USERNAME=mzenin
OS=Windows_NT
PROCESSOR_IDENTIFIER=Intel64 Family 6 Model 78 Stepping 3, GenuineIntel



---------------  S Y S T E M  ---------------

OS: Windows 10.0 , 64 bit Build 17763 (10.0.17763.1879)

CPU:total 4 (initial active 4) (2 cores per cpu, 2 threads per core) family 6 model 78 stepping 3, cmov, cx8, fxsr, mmx, sse, sse2, sse3, ssse3, sse4.1, sse4.2, popcnt, avx, avx2, aes, clmul, erms, 3dnowpref, lzcnt, ht, tsc, tscinvbit, bmi1, bmi2, adx

Memory: 4k page, physical 6162336k(150276k free), swap 8259488k(5828k free)

vm_info: OpenJDK 64-Bit Server VM (25.242-b01) for windows-amd64 JRE (1.8.0_242-release-1644-b01), built by "builder" with MS VC++ 10.0 (VS2010)

time: Wed May 19 21:09:23 2021
timezone: RTZ 2 (зима)
elapsed time: 3 seconds (0d 0h 0m 3s)

