#
# There is insufficient memory for the Java Runtime Environment to continue.
# Native memory allocation (malloc) failed to allocate 1059648 bytes for Chunk::new
# Possible reasons:
#   The system is out of physical RAM or swap space
#   The process is running with CompressedOops enabled, and the Java Heap may be blocking the growth of the native heap
# Possible solutions:
#   Reduce memory load on the system
#   Increase physical memory or swap space
#   Check if swap backing store is full
#   Decrease Java heap size (-Xmx/-Xms)
#   Decrease number of Java threads
#   Decrease Java thread stack sizes (-Xss)
#   Set larger code cache with -XX:ReservedCodeCacheSize=
#   JVM is running with Unscaled Compressed Oops mode in which the Java heap is
#     placed in the first 4GB address space. The Java Heap base address is the
#     maximum limit for the native heap growth. Please use -XX:HeapBaseMinAddress
#     to set the Java Heap base and to place the Java Heap above 4GB virtual address.
# This output file may be truncated or incomplete.
#
#  Out of Memory Error (allocation.cpp:389), pid=8200, tid=0x0000000000002628
#
# JRE version: OpenJDK Runtime Environment (8.0_242-b01) (build 1.8.0_242-release-1644-b01)
# Java VM: OpenJDK 64-Bit Server VM (25.242-b01 mixed mode windows-amd64 compressed oops)
# Failed to write core dump. Minidumps are not enabled by default on client versions of Windows
#

---------------  T H R E A D  ---------------

Current thread (0x00000000170a1800):  JavaThread "C2 CompilerThread0" daemon [_thread_in_native, id=9768, stack(0x00000000186f0000,0x00000000187f0000)]

Stack: [0x00000000186f0000,0x00000000187f0000]
[error occurred during error reporting (printing stack bounds), id 0xc0000005]

Native frames: (J=compiled Java code, j=interpreted, Vv=VM code, C=native code)


Current CompileTask:
C2:  15290 2971       4       groovy.lang.MetaClassImpl$1MOPIter::methodNameAction (325 bytes)


---------------  P R O C E S S  ---------------

Java Threads: ( => current thread )
  0x000000001b4c4000 JavaThread "Cache worker for dependencies-accessors (D:\gamm\AndroidStudioProjects\1\MyguitarClassCopi\.gradle\7.0\dependencies-accessors)" [_thread_blocked, id=6932, stack(0x0000000023170000,0x0000000023270000)]
  0x000000001b4c9800 JavaThread "Cache worker for file content cache (C:\Users\mzenin\.gradle\caches\7.0\fileContent)" [_thread_blocked, id=1200, stack(0x0000000021aa0000,0x0000000021ba0000)]
  0x000000001b4c8800 JavaThread "Cache worker for execution history cache (C:\Users\mzenin\.gradle\caches\7.0\executionHistory)" [_thread_blocked, id=10136, stack(0x00000000219a0000,0x0000000021aa0000)]
  0x000000001b4c8000 JavaThread "Cache worker for cache directory md-rule (C:\Users\mzenin\.gradle\caches\7.0\md-rule)" [_thread_blocked, id=10076, stack(0x0000000021150000,0x0000000021250000)]
  0x000000001b4c5000 JavaThread "Cache worker for cache directory md-supplier (C:\Users\mzenin\.gradle\caches\7.0\md-supplier)" [_thread_blocked, id=2960, stack(0x0000000020e50000,0x0000000020f50000)]
  0x000000001b4c7000 JavaThread "Cache worker for checksums cache (D:\gamm\AndroidStudioProjects\1\MyguitarClassCopi\.gradle\checksums)" [_thread_blocked, id=6740, stack(0x0000000020d50000,0x0000000020e50000)]
  0x000000001cd42800 JavaThread "jar transforms Thread 4" [_thread_blocked, id=2356, stack(0x0000000020a50000,0x0000000020b50000)]
  0x000000001cd41800 JavaThread "jar transforms Thread 3" [_thread_blocked, id=7816, stack(0x0000000020950000,0x0000000020a50000)]
  0x000000001cd41000 JavaThread "jar transforms Thread 2" [_thread_blocked, id=10736, stack(0x0000000020850000,0x0000000020950000)]
  0x000000001cd46000 JavaThread "jar transforms" [_thread_blocked, id=1464, stack(0x0000000020750000,0x0000000020850000)]
  0x000000001cd40000 JavaThread "File watcher consumer" daemon [_thread_blocked, id=7664, stack(0x0000000020650000,0x0000000020750000)]
  0x000000001cd44000 JavaThread "File watcher server" daemon [_thread_in_native, id=8252, stack(0x0000000020550000,0x0000000020650000)]
  0x000000001cd45800 JavaThread "Cache worker for file hash cache (D:\gamm\AndroidStudioProjects\1\MyguitarClassCopi\.gradle\7.0\fileHashes)" [_thread_blocked, id=8548, stack(0x000000001f3c0000,0x000000001f4c0000)]
  0x000000001cd3f800 JavaThread "File lock release action executor" [_thread_blocked, id=3512, stack(0x000000001f0c0000,0x000000001f1c0000)]
  0x000000001cd44800 JavaThread "Cache worker for journal cache (C:\Users\mzenin\.gradle\caches\journal-1)" [_thread_blocked, id=5684, stack(0x000000001efc0000,0x000000001f0c0000)]
  0x000000001cd43000 JavaThread "File lock request listener" [_thread_in_native, id=9232, stack(0x000000001dcf0000,0x000000001ddf0000)]
  0x000000001b5ce000 JavaThread "Cache worker for file hash cache (C:\Users\mzenin\.gradle\caches\7.0\fileHashes)" [_thread_blocked, id=6436, stack(0x000000001dbf0000,0x000000001dcf0000)]
  0x00000000197d9800 JavaThread "Daemon client event forwarder" [_thread_blocked, id=2196, stack(0x000000001c920000,0x000000001ca20000)]
  0x00000000197c7800 JavaThread "Stdin handler" [_thread_blocked, id=6304, stack(0x000000001c820000,0x000000001c920000)]
  0x00000000197c4800 JavaThread "Asynchronous log dispatcher for DefaultDaemonConnection: socket connection from /127.0.0.1:50077 to /127.0.0.1:50078" [_thread_blocked, id=8236, stack(0x000000001c720000,0x000000001c820000)]
  0x00000000197c1800 JavaThread "Daemon worker" [_thread_in_Java, id=9236, stack(0x000000001c620000,0x000000001c720000)]
  0x0000000019533800 JavaThread "Cancel handler" [_thread_blocked, id=8436, stack(0x000000001c520000,0x000000001c620000)]
  0x000000001a215000 JavaThread "Handler for socket connection from /127.0.0.1:50077 to /127.0.0.1:50078" [_thread_in_native, id=2880, stack(0x000000001c420000,0x000000001c520000)]
  0x000000001a211800 JavaThread "Daemon" [_thread_blocked, id=104, stack(0x000000001c320000,0x000000001c420000)]
  0x0000000019193800 JavaThread "Daemon periodic checks" [_thread_blocked, id=10732, stack(0x000000001c020000,0x000000001c120000)]
  0x0000000019192800 JavaThread "Incoming local TCP Connector on port 50077" [_thread_in_native, id=9552, stack(0x000000001bdd0000,0x000000001bed0000)]
  0x000000001a930800 JavaThread "Daemon health stats" [_thread_blocked, id=5932, stack(0x000000001b990000,0x000000001ba90000)]
  0x00000000188f4800 JavaThread "Service Thread" daemon [_thread_blocked, id=3692, stack(0x0000000018df0000,0x0000000018ef0000)]
  0x00000000188f1000 JavaThread "C1 CompilerThread2" daemon [_thread_blocked, id=8380, stack(0x0000000018cf0000,0x0000000018df0000)]
  0x00000000170aa800 JavaThread "C2 CompilerThread1" daemon [_thread_in_native, id=7428, stack(0x00000000187f0000,0x00000000188f0000)]
=>0x00000000170a1800 JavaThread "C2 CompilerThread0" daemon [_thread_in_native, id=9768, stack(0x00000000186f0000,0x00000000187f0000)]
  0x00000000170a0000 JavaThread "Attach Listener" daemon [_thread_blocked, id=2280, stack(0x00000000185f0000,0x00000000186f0000)]
  0x00000000170a6800 JavaThread "Signal Dispatcher" daemon [_thread_blocked, id=9616, stack(0x00000000184f0000,0x00000000185f0000)]
  0x000000000247b000 JavaThread "Finalizer" daemon [_thread_blocked, id=5804, stack(0x00000000182f0000,0x00000000183f0000)]
  0x0000000017089000 JavaThread "Reference Handler" daemon [_thread_blocked, id=1840, stack(0x00000000181f0000,0x00000000182f0000)]
  0x000000000227d800 JavaThread "main" [_thread_blocked, id=3804, stack(0x0000000002280000,0x0000000002380000)]

Other Threads:
  0x0000000017066000 VMThread [stack: 0x00000000180f0000,0x00000000181f0000] [id=5360]
  0x00000000188f5800 WatcherThread [stack: 0x0000000018ef0000,0x0000000018ff0000] [id=1964]

VM state:not at safepoint (normal execution)

VM Mutex/Monitor currently owned by a thread: None

heap address: 0x0000000080000000, size: 2048 MB, Compressed Oops mode: 32-bit
Narrow klass base: 0x0000000000000000, Narrow klass shift: 3
Compressed class space size: 1073741824 Address: 0x0000000100000000

Heap:
 PSYoungGen      total 106496K, used 50554K [0x00000000d5580000, 0x00000000dc880000, 0x0000000100000000)
  eden space 96768K, 52% used [0x00000000d5580000,0x00000000d86debe8,0x00000000db400000)
  from space 9728K, 0% used [0x00000000db400000,0x00000000db400000,0x00000000dbd80000)
  to   space 8192K, 0% used [0x00000000dbd80000,0x00000000dbd80000,0x00000000dc580000)
 ParOldGen       total 67072K, used 15303K [0x0000000080000000, 0x0000000084180000, 0x00000000d5580000)
  object space 67072K, 22% used [0x0000000080000000,0x0000000080ef1f68,0x0000000084180000)
 Metaspace       used 36786K, capacity 38570K, committed 38784K, reserved 1083392K
  class space    used 5005K, capacity 5391K, committed 5504K, reserved 1048576K

Card table byte_map: [0x0000000011840000,0x0000000011c50000] byte_map_base: 0x0000000011440000

Marking Bits: (ParMarkBitMap*) 0x000000005601f030
 Begin Bits: [0x0000000012300000, 0x0000000014300000)
 End Bits:   [0x0000000014300000, 0x0000000016300000)

Polling page: 0x0000000000780000

CodeCache: size=245760Kb used=10954Kb max_used=10954Kb free=234805Kb
 bounds [0x0000000002480000, 0x0000000002f40000, 0x0000000011480000]
 total_blobs=3684 nmethods=2969 adapters=627
 compilation: enabled

Compilation events (10 events):
Event: 15.260 Thread 0x00000000188f1000 3254       3       org.gradle.internal.instantiation.generator.AbstractClassGenerator$NamePropertyHandler::visitProperty (13 bytes)
Event: 15.260 Thread 0x00000000188f1000 nmethod 3254 0x0000000002f37110 code [0x0000000002f37280, 0x0000000002f374c8]
Event: 15.260 Thread 0x00000000188f1000 3255       3       org.gradle.internal.instantiation.generator.AbstractClassGenerator$ManagedPropertiesHandler::visitProperty (19 bytes)
Event: 15.261 Thread 0x00000000188f1000 nmethod 3255 0x0000000002f37590 code [0x0000000002f37720, 0x0000000002f37a18]
Event: 15.261 Thread 0x00000000188f1000 3257       3       com.google.common.collect.CompactHashMap::getHash (6 bytes)
Event: 15.261 Thread 0x00000000188f1000 nmethod 3257 0x0000000002f37b50 code [0x0000000002f37ca0, 0x0000000002f37dd0]
Event: 15.262 Thread 0x00000000188f1000 3258       1       org.gradle.internal.instantiation.generator.AbstractClassGenerator$GeneratedClassImpl::getOuterType (5 bytes)
Event: 15.262 Thread 0x00000000188f1000 nmethod 3258 0x0000000002f37e50 code [0x0000000002f37fa0, 0x0000000002f380b0]
Event: 15.272 Thread 0x00000000188f1000 3259       3       org.gradle.internal.service.RelevantMethods::toServiceMethodList (61 bytes)
Event: 15.273 Thread 0x00000000188f1000 nmethod 3259 0x0000000002f38110 code [0x0000000002f38340, 0x0000000002f38f68]

GC Heap History (10 events):
Event: 9.654 GC heap before
{Heap before GC invocations=7 (full 0):
 PSYoungGen      total 104960K, used 39546K [0x00000000d5580000, 0x00000000dc880000, 0x0000000100000000)
  eden space 96768K, 32% used [0x00000000d5580000,0x00000000d74242b8,0x00000000db400000)
  from space 8192K, 99% used [0x00000000dbd80000,0x00000000dc57a728,0x00000000dc580000)
  to   space 9728K, 0% used [0x00000000db400000,0x00000000db400000,0x00000000dbd80000)
 ParOldGen       total 65536K, used 5904K [0x0000000080000000, 0x0000000084000000, 0x00000000d5580000)
  object space 65536K, 9% used [0x0000000080000000,0x00000000805c40f8,0x0000000084000000)
 Metaspace       used 20419K, capacity 21282K, committed 21296K, reserved 1067008K
  class space    used 2952K, capacity 3187K, committed 3200K, reserved 1048576K
Event: 9.665 GC heap after
Heap after GC invocations=7 (full 0):
 PSYoungGen      total 106496K, used 6215K [0x00000000d5580000, 0x00000000dc880000, 0x0000000100000000)
  eden space 96768K, 0% used [0x00000000d5580000,0x00000000d5580000,0x00000000db400000)
  from space 9728K, 63% used [0x00000000db400000,0x00000000dba11d00,0x00000000dbd80000)
  to   space 8192K, 0% used [0x00000000dbd80000,0x00000000dbd80000,0x00000000dc580000)
 ParOldGen       total 65536K, used 7569K [0x0000000080000000, 0x0000000084000000, 0x00000000d5580000)
  object space 65536K, 11% used [0x0000000080000000,0x00000000807646a8,0x0000000084000000)
 Metaspace       used 20419K, capacity 21282K, committed 21296K, reserved 1067008K
  class space    used 2952K, capacity 3187K, committed 3200K, reserved 1048576K
}
Event: 9.665 GC heap before
{Heap before GC invocations=8 (full 1):
 PSYoungGen      total 106496K, used 6215K [0x00000000d5580000, 0x00000000dc880000, 0x0000000100000000)
  eden space 96768K, 0% used [0x00000000d5580000,0x00000000d5580000,0x00000000db400000)
  from space 9728K, 63% used [0x00000000db400000,0x00000000dba11d00,0x00000000dbd80000)
  to   space 8192K, 0% used [0x00000000dbd80000,0x00000000dbd80000,0x00000000dc580000)
 ParOldGen       total 65536K, used 7569K [0x0000000080000000, 0x0000000084000000, 0x00000000d5580000)
  object space 65536K, 11% used [0x0000000080000000,0x00000000807646a8,0x0000000084000000)
 Metaspace       used 20419K, capacity 21282K, committed 21296K, reserved 1067008K
  class space    used 2952K, capacity 3187K, committed 3200K, reserved 1048576K
Event: 9.724 GC heap after
Heap after GC invocations=8 (full 1):
 PSYoungGen      total 106496K, used 0K [0x00000000d5580000, 0x00000000dc880000, 0x0000000100000000)
  eden space 96768K, 0% used [0x00000000d5580000,0x00000000d5580000,0x00000000db400000)
  from space 9728K, 0% used [0x00000000db400000,0x00000000db400000,0x00000000dbd80000)
  to   space 8192K, 0% used [0x00000000dbd80000,0x00000000dbd80000,0x00000000dc580000)
 ParOldGen       total 44544K, used 8940K [0x0000000080000000, 0x0000000082b80000, 0x00000000d5580000)
  object space 44544K, 20% used [0x0000000080000000,0x00000000808bb0c8,0x0000000082b80000)
 Metaspace       used 20419K, capacity 21282K, committed 21296K, reserved 1067008K
  class space    used 2952K, capacity 3187K, committed 3200K, reserved 1048576K
}
Event: 12.990 GC heap before
{Heap before GC invocations=9 (full 1):
 PSYoungGen      total 106496K, used 96768K [0x00000000d5580000, 0x00000000dc880000, 0x0000000100000000)
  eden space 96768K, 100% used [0x00000000d5580000,0x00000000db400000,0x00000000db400000)
  from space 9728K, 0% used [0x00000000db400000,0x00000000db400000,0x00000000dbd80000)
  to   space 8192K, 0% used [0x00000000dbd80000,0x00000000dbd80000,0x00000000dc580000)
 ParOldGen       total 44544K, used 8940K [0x0000000080000000, 0x0000000082b80000, 0x00000000d5580000)
  object space 44544K, 20% used [0x0000000080000000,0x00000000808bb0c8,0x0000000082b80000)
 Metaspace       used 30086K, capacity 31504K, committed 31872K, reserved 1077248K
  class space    used 4293K, capacity 4621K, committed 4736K, reserved 1048576K
Event: 13.001 GC heap after
Heap after GC invocations=9 (full 1):
 PSYoungGen      total 104960K, used 8170K [0x00000000d5580000, 0x00000000dc880000, 0x0000000100000000)
  eden space 96768K, 0% used [0x00000000d5580000,0x00000000d5580000,0x00000000db400000)
  from space 8192K, 99% used [0x00000000dbd80000,0x00000000dc57aa60,0x00000000dc580000)
  to   space 9728K, 0% used [0x00000000db400000,0x00000000db400000,0x00000000dbd80000)
 ParOldGen       total 44544K, used 11082K [0x0000000080000000, 0x0000000082b80000, 0x00000000d5580000)
  object space 44544K, 24% used [0x0000000080000000,0x0000000080ad28c0,0x0000000082b80000)
 Metaspace       used 30086K, capacity 31504K, committed 31872K, reserved 1077248K
  class space    used 4293K, capacity 4621K, committed 4736K, reserved 1048576K
}
Event: 13.785 GC heap before
{Heap before GC invocations=10 (full 1):
 PSYoungGen      total 104960K, used 70612K [0x00000000d5580000, 0x00000000dc880000, 0x0000000100000000)
  eden space 96768K, 64% used [0x00000000d5580000,0x00000000d927a790,0x00000000db400000)
  from space 8192K, 99% used [0x00000000dbd80000,0x00000000dc57aa60,0x00000000dc580000)
  to   space 9728K, 0% used [0x00000000db400000,0x00000000db400000,0x00000000dbd80000)
 ParOldGen       total 44544K, used 11082K [0x0000000080000000, 0x0000000082b80000, 0x00000000d5580000)
  object space 44544K, 24% used [0x0000000080000000,0x0000000080ad28c0,0x0000000082b80000)
 Metaspace       used 33938K, capacity 35472K, committed 35496K, reserved 1079296K
  class space    used 4737K, capacity 5109K, committed 5120K, reserved 1048576K
Event: 13.797 GC heap after
Heap after GC invocations=10 (full 1):
 PSYoungGen      total 106496K, used 8488K [0x00000000d5580000, 0x00000000dc880000, 0x0000000100000000)
  eden space 96768K, 0% used [0x00000000d5580000,0x00000000d5580000,0x00000000db400000)
  from space 9728K, 87% used [0x00000000db400000,0x00000000dbc4a308,0x00000000dbd80000)
  to   space 8192K, 0% used [0x00000000dbd80000,0x00000000dbd80000,0x00000000dc580000)
 ParOldGen       total 44544K, used 11090K [0x0000000080000000, 0x0000000082b80000, 0x00000000d5580000)
  object space 44544K, 24% used [0x0000000080000000,0x0000000080ad48c0,0x0000000082b80000)
 Metaspace       used 33938K, capacity 35472K, committed 35496K, reserved 1079296K
  class space    used 4737K, capacity 5109K, committed 5120K, reserved 1048576K
}
Event: 13.797 GC heap before
{Heap before GC invocations=11 (full 2):
 PSYoungGen      total 106496K, used 8488K [0x00000000d5580000, 0x00000000dc880000, 0x0000000100000000)
  eden space 96768K, 0% used [0x00000000d5580000,0x00000000d5580000,0x00000000db400000)
  from space 9728K, 87% used [0x00000000db400000,0x00000000dbc4a308,0x00000000dbd80000)
  to   space 8192K, 0% used [0x00000000dbd80000,0x00000000dbd80000,0x00000000dc580000)
 ParOldGen       total 44544K, used 11090K [0x0000000080000000, 0x0000000082b80000, 0x00000000d5580000)
  object space 44544K, 24% used [0x0000000080000000,0x0000000080ad48c0,0x0000000082b80000)
 Metaspace       used 33938K, capacity 35472K, committed 35496K, reserved 1079296K
  class space    used 4737K, capacity 5109K, committed 5120K, reserved 1048576K
Event: 13.871 GC heap after
Heap after GC invocations=11 (full 2):
 PSYoungGen      total 106496K, used 0K [0x00000000d5580000, 0x00000000dc880000, 0x0000000100000000)
  eden space 96768K, 0% used [0x00000000d5580000,0x00000000d5580000,0x00000000db400000)
  from space 9728K, 0% used [0x00000000db400000,0x00000000db400000,0x00000000dbd80000)
  to   space 8192K, 0% used [0x00000000dbd80000,0x00000000dbd80000,0x00000000dc580000)
 ParOldGen       total 67072K, used 15303K [0x0000000080000000, 0x0000000084180000, 0x00000000d5580000)
  object space 67072K, 22% used [0x0000000080000000,0x0000000080ef1f68,0x0000000084180000)
 Metaspace       used 33938K, capacity 35472K, committed 35496K, reserved 1079296K
  class space    used 4737K, capacity 5109K, committed 5120K, reserved 1048576K
}

Deoptimization events (10 events):
Event: 12.443 Thread 0x00000000197c1800 Uncommon trap: reason=bimorphic action=maybe_recompile pc=0x000000000292c9b8 method=java.io.BufferedInputStream.read([BII)I @ 101
Event: 12.444 Thread 0x00000000197c1800 Uncommon trap: reason=bimorphic action=maybe_recompile pc=0x000000000292c9b8 method=java.io.BufferedInputStream.read([BII)I @ 101
Event: 12.445 Thread 0x00000000197c1800 Uncommon trap: reason=bimorphic action=maybe_recompile pc=0x000000000292c9b8 method=java.io.BufferedInputStream.read([BII)I @ 101
Event: 12.905 Thread 0x00000000197c1800 Uncommon trap: reason=unstable_if action=reinterpret pc=0x00000000028ca97c method=sun.misc.URLClassPath$JarLoader.getResource(Ljava/lang/String;ZLjava/util/Set;)Lsun/misc/Resource; @ 17
Event: 13.003 Thread 0x0000000017089000 Uncommon trap: reason=unstable_if action=reinterpret pc=0x000000000279fafc method=java.lang.ref.Reference.tryHandlePending(Z)Z @ 104
Event: 13.117 Thread 0x00000000197c1800 Uncommon trap: reason=unstable_if action=reinterpret pc=0x0000000002bbd5e4 method=java.net.URLClassLoader.defineClass(Ljava/lang/String;Lsun/misc/Resource;)Ljava/lang/Class; @ 21
Event: 13.882 Thread 0x00000000197c1800 Uncommon trap: reason=range_check action=make_not_entrant pc=0x0000000002e27070 method=java.lang.String.charAt(I)C @ 27
Event: 14.653 Thread 0x00000000197c1800 Uncommon trap: reason=unstable_if action=reinterpret pc=0x0000000002ae5edc method=java.lang.String.regionMatches(ZILjava/lang/String;II)Z @ 123
Event: 15.083 Thread 0x00000000197c1800 Uncommon trap: reason=unstable_if action=reinterpret pc=0x00000000026cba98 method=java.util.HashMap.putVal(ILjava/lang/Object;Ljava/lang/Object;ZZ)Ljava/lang/Object; @ 162
Event: 15.171 Thread 0x00000000197c1800 Uncommon trap: reason=unstable_if action=reinterpret pc=0x0000000002e1ac2c method=java.util.Arrays.hashCode([Ljava/lang/Object;)I @ 34

Classes redefined (0 events):
No events

Internal exceptions (10 events):
Event: 15.137 Thread 0x00000000197c1800 Exception <a 'java/lang/ClassNotFoundException': org/gradle/plugin/use/internal/PluginsAwareScriptCustomizer> (0x00000000d7da81e8) thrown at [C:\src\AOSP-openjdk-git\hotspot\src\share\vm\classfile\systemDictionary.cpp, line 210]
Event: 15.139 Thread 0x00000000197c1800 Exception <a 'java/lang/ClassNotFoundException': org/gradle/initialization/SettingsScriptCustomizer> (0x00000000d7dd0300) thrown at [C:\src\AOSP-openjdk-git\hotspot\src\share\vm\classfile\systemDictionary.cpp, line 210]
Event: 15.140 Thread 0x00000000197c1800 Exception <a 'java/lang/ClassNotFoundException': settings_6ui5o5rklxh869lbg0ghxhavbCustomizer> (0x00000000d7de7818) thrown at [C:\src\AOSP-openjdk-git\hotspot\src\share\vm\classfile\systemDictionary.cpp, line 210]
Event: 15.150 Thread 0x00000000197c1800 Exception <a 'java/lang/ClassNotFoundException': org/gradle/initialization/DefaultSettings_DecoratedBeanInfo> (0x00000000d7e93560) thrown at [C:\src\AOSP-openjdk-git\hotspot\src\share\vm\classfile\systemDictionary.cpp, line 210]
Event: 15.152 Thread 0x00000000197c1800 Exception <a 'java/lang/ClassNotFoundException': org/gradle/initialization/DefaultSettingsBeanInfo> (0x00000000d7ec5550) thrown at [C:\src\AOSP-openjdk-git\hotspot\src\share\vm\classfile\systemDictionary.cpp, line 210]
Event: 15.153 Thread 0x00000000197c1800 Exception <a 'java/lang/ClassNotFoundException': org/gradle/initialization/DefaultSettingsCustomizer> (0x00000000d7ef9b98) thrown at [C:\src\AOSP-openjdk-git\hotspot\src\share\vm\classfile\systemDictionary.cpp, line 210]
Event: 15.160 Thread 0x00000000197c1800 Exception <a 'java/lang/ClassNotFoundException': org/gradle/initialization/DefaultSettings_DecoratedCustomizer> (0x00000000d7f78740) thrown at [C:\src\AOSP-openjdk-git\hotspot\src\share\vm\classfile\systemDictionary.cpp, line 210]
Event: 15.171 Thread 0x00000000197c1800 Implicit null exception at 0x0000000002e1ab6f to 0x0000000002e1ac0d
Event: 15.175 Thread 0x00000000197c1800 Exception <a 'java/lang/ClassNotFoundException': org/gradle/initialization/DefaultProjectDescriptorBeanInfo> (0x00000000d803e5b8) thrown at [C:\src\AOSP-openjdk-git\hotspot\src\share\vm\classfile\systemDictionary.cpp, line 210]
Event: 15.176 Thread 0x00000000197c1800 Exception <a 'java/lang/ClassNotFoundException': org/gradle/initialization/DefaultProjectDescriptorCustomizer> (0x00000000d8077518) thrown at [C:\src\AOSP-openjdk-git\hotspot\src\share\vm\classfile\systemDictionary.cpp, line 210]

Events (10 events):
Event: 15.283 loading class org/gradle/language/java/internal/JavaLanguagePluginServiceRegistry$JavaProjectScopeServices
Event: 15.283 loading class org/gradle/language/java/internal/JavaLanguagePluginServiceRegistry$JavaProjectScopeServices done
Event: 15.284 loading class org/gradle/jvm/toolchain/internal/ToolchainToolFactory
Event: 15.284 loading class org/gradle/jvm/toolchain/internal/ToolchainToolFactory done
Event: 15.285 loading class org/gradle/api/internal/tasks/compile/incremental/IncrementalCompilerFactory
Event: 15.285 loading class org/gradle/api/internal/tasks/compile/incremental/IncrementalCompilerFactory done
Event: 15.286 loading class org/gradle/jvm/toolchain/internal/JavaToolchainFactory
Event: 15.286 loading class org/gradle/jvm/toolchain/internal/JavaToolchainFactory done
Event: 15.287 loading class org/gradle/jvm/toolchain/install/internal/DefaultJavaToolchainProvisioningService
Event: 15.287 loading class org/gradle/jvm/toolchain/install/internal/DefaultJavaToolchainProvisioningService done


Dynamic libraries:
0x00007ff7eae70000 - 0x00007ff7eaea1000 	C:\Program Files\Android\Android Studio\jre\bin\java.exe
0x00007ffd3fd70000 - 0x00007ffd3ff5d000 	C:\Windows\SYSTEM32\ntdll.dll
0x00007ffd3f570000 - 0x00007ffd3f623000 	C:\Windows\System32\KERNEL32.DLL
0x00007ffd3ca30000 - 0x00007ffd3ccc5000 	C:\Windows\System32\KERNELBASE.dll
0x00007ffd3f0f0000 - 0x00007ffd3f193000 	C:\Windows\System32\ADVAPI32.dll
0x00007ffd3e740000 - 0x00007ffd3e7de000 	C:\Windows\System32\msvcrt.dll
0x00007ffd3e6a0000 - 0x00007ffd3e73e000 	C:\Windows\System32\sechost.dll
0x00007ffd3f8f0000 - 0x00007ffd3fa0f000 	C:\Windows\System32\RPCRT4.dll
0x00007ffd3e500000 - 0x00007ffd3e697000 	C:\Windows\System32\USER32.dll
0x00007ffd3c9c0000 - 0x00007ffd3c9e0000 	C:\Windows\System32\win32u.dll
0x00007ffd3ef30000 - 0x00007ffd3ef59000 	C:\Windows\System32\GDI32.dll
0x00007ffd3cd50000 - 0x00007ffd3ceec000 	C:\Windows\System32\gdi32full.dll
0x00007ffd3c580000 - 0x00007ffd3c620000 	C:\Windows\System32\msvcp_win.dll
0x00007ffd3c620000 - 0x00007ffd3c71a000 	C:\Windows\System32\ucrtbase.dll
0x00007ffd232f0000 - 0x00007ffd23569000 	C:\Windows\WinSxS\amd64_microsoft.windows.common-controls_6595b64144ccf1df_6.0.17763.1935_none_de70702c534c0c76\COMCTL32.dll
0x00007ffd3fa10000 - 0x00007ffd3fd3d000 	C:\Windows\System32\combase.dll
0x00007ffd3c940000 - 0x00007ffd3c9bf000 	C:\Windows\System32\bcryptPrimitives.dll
0x00007ffd3ef00000 - 0x00007ffd3ef2e000 	C:\Windows\System32\IMM32.DLL
0x0000000055690000 - 0x0000000055762000 	C:\Program Files\Android\Android Studio\jre\jre\bin\msvcr100.dll
0x0000000055850000 - 0x000000005609b000 	C:\Program Files\Android\Android Studio\jre\jre\bin\server\jvm.dll
0x00007ffd3e9f0000 - 0x00007ffd3e9f8000 	C:\Windows\System32\PSAPI.DLL
0x00007ffd1ccc0000 - 0x00007ffd1ccc9000 	C:\Windows\SYSTEM32\WSOCK32.dll
0x00007ffd3f1a0000 - 0x00007ffd3f20d000 	C:\Windows\System32\WS2_32.dll
0x00007ffd38860000 - 0x00007ffd38884000 	C:\Windows\SYSTEM32\WINMM.dll
0x00007ffd340d0000 - 0x00007ffd340da000 	C:\Windows\SYSTEM32\VERSION.dll
0x00007ffd38830000 - 0x00007ffd3885d000 	C:\Windows\SYSTEM32\WINMMBASE.dll
0x00007ffd3c9e0000 - 0x00007ffd3ca2a000 	C:\Windows\System32\cfgmgr32.dll
0x00007ffd34350000 - 0x00007ffd3435f000 	C:\Program Files\Android\Android Studio\jre\jre\bin\verify.dll
0x00007ffd223b0000 - 0x00007ffd223d9000 	C:\Program Files\Android\Android Studio\jre\jre\bin\java.dll
0x00007ffd17e10000 - 0x00007ffd17e26000 	C:\Program Files\Android\Android Studio\jre\jre\bin\zip.dll
0x00007ffd3cfa0000 - 0x00007ffd3e499000 	C:\Windows\System32\SHELL32.dll
0x00007ffd3f7e0000 - 0x00007ffd3f888000 	C:\Windows\System32\shcore.dll
0x00007ffd3be30000 - 0x00007ffd3c57b000 	C:\Windows\System32\windows.storage.dll
0x00007ffd3bd60000 - 0x00007ffd3bd84000 	C:\Windows\System32\profapi.dll
0x00007ffd3bdd0000 - 0x00007ffd3be2d000 	C:\Windows\System32\powrprof.dll
0x00007ffd3f890000 - 0x00007ffd3f8e2000 	C:\Windows\System32\shlwapi.dll
0x00007ffd3bd90000 - 0x00007ffd3bda1000 	C:\Windows\System32\kernel.appcore.dll
0x00007ffd3cd30000 - 0x00007ffd3cd47000 	C:\Windows\System32\cryptsp.dll
0x00007ffd17df0000 - 0x00007ffd17e0a000 	C:\Program Files\Android\Android Studio\jre\jre\bin\net.dll
0x00007ffd3b5a0000 - 0x00007ffd3b607000 	C:\Windows\system32\mswsock.dll
0x00007ffd17dd0000 - 0x00007ffd17de3000 	C:\Program Files\Android\Android Studio\jre\jre\bin\nio.dll
0x00007ffd30230000 - 0x00007ffd30257000 	C:\Users\mzenin\.gradle\native\49d0259a56938c7f99b2704e745ce422c4f750a7a20b539a32ccef96729676b1\windows-amd64\native-platform.dll
0x00007ffd07110000 - 0x00007ffd072a6000 	C:\Users\mzenin\.gradle\native\12488b8bf47d2d4c9fbf2f6322a914ad602e24e48041cd04a747c6da556b65c4\windows-amd64\native-platform-file-events.dll
0x00007ffd30a70000 - 0x00007ffd30a7d000 	C:\Program Files\Android\Android Studio\jre\jre\bin\management.dll
0x00007ffd3aed0000 - 0x00007ffd3af03000 	C:\Windows\system32\rsaenh.dll
0x00007ffd3c720000 - 0x00007ffd3c746000 	C:\Windows\System32\bcrypt.dll
0x00007ffd3bc90000 - 0x00007ffd3bcb9000 	C:\Windows\SYSTEM32\USERENV.dll
0x00007ffd3b770000 - 0x00007ffd3b77c000 	C:\Windows\SYSTEM32\CRYPTBASE.dll
0x00007ffd3b2c0000 - 0x00007ffd3b2fd000 	C:\Windows\SYSTEM32\IPHLPAPI.DLL
0x00007ffd3ea00000 - 0x00007ffd3ea08000 	C:\Windows\System32\NSI.dll
0x00007ffd2e150000 - 0x00007ffd2e166000 	C:\Windows\SYSTEM32\dhcpcsvc6.DLL
0x00007ffd2e1b0000 - 0x00007ffd2e1cc000 	C:\Windows\SYSTEM32\dhcpcsvc.DLL
0x00007ffd3b300000 - 0x00007ffd3b3c6000 	C:\Windows\SYSTEM32\DNSAPI.dll

VM Arguments:
jvm_args: -Xmx2048m -Dfile.encoding=UTF-8 -Duser.country=RU -Duser.language=ru -Duser.variant 
java_command: org.gradle.launcher.daemon.bootstrap.GradleDaemon 7.0
java_class_path (initial): C:\Users\mzenin\.gradle\wrapper\dists\gradle-7.0-bin\2p9ebqfz6ilrfozi676ogco7n\gradle-7.0\lib\gradle-launcher-7.0.jar
Launcher Type: SUN_STANDARD

Environment Variables:
PATH=C:\Program Files (x86)\NVIDIA Corporation\PhysX\Common;C:\Program Files (x86)\Common Files\Oracle\Java\javapath;C:\Windows\system32;C:\Windows;C:\Windows\System32\Wbem;C:\Windows\System32\WindowsPowerShell\v1.0\;C:\Windows\System32\OpenSSH\;C:\Program Files (x86)\Common Files\Acronis\SnapAPI\;C:\Program Files\Intel\WiFi\bin\;C:\Program Files\Common Files\Intel\WirelessCommon\;C:\Program Files\PuTTY\;C:\Users\mzenin\AppData\Local\Microsoft\WindowsApps;C:\Program Files\Intel\WiFi\bin\;C:\Program Files\Common Files\Intel\WirelessCommon\
USERNAME=mzenin
OS=Windows_NT
PROCESSOR_IDENTIFIER=Intel64 Family 6 Model 78 Stepping 3, GenuineIntel



---------------  S Y S T E M  ---------------

OS: Windows 10.0 , 64 bit Build 17763 (10.0.17763.1879)

CPU:total 4 (initial active 4) (2 cores per cpu, 2 threads per core) family 6 model 78 stepping 3, cmov, cx8, fxsr, mmx, sse, sse2, sse3, ssse3, sse4.1, sse4.2, popcnt, avx, avx2, aes, clmul, erms, 3dnowpref, lzcnt, ht, tsc, tscinvbit, bmi1, bmi2, adx

Memory: 4k page, physical 6162336k(154548k free), swap 8259488k(5272k free)

vm_info: OpenJDK 64-Bit Server VM (25.242-b01) for windows-amd64 JRE (1.8.0_242-release-1644-b01), built by "builder" with MS VC++ 10.0 (VS2010)

time: Wed May 19 21:08:18 2021
timezone: RTZ 2 (зима)
elapsed time: 15 seconds (0d 0h 0m 15s)

