#
# There is insufficient memory for the Java Runtime Environment to continue.
# Native memory allocation (malloc) failed to allocate 386736 bytes for Chunk::new
# Possible reasons:
#   The system is out of physical RAM or swap space
#   The process is running with CompressedOops enabled, and the Java Heap may be blocking the growth of the native heap
# Possible solutions:
#   Reduce memory load on the system
#   Increase physical memory or swap space
#   Check if swap backing store is full
#   Decrease Java heap size (-Xmx/-Xms)
#   Decrease number of Java threads
#   Decrease Java thread stack sizes (-Xss)
#   Set larger code cache with -XX:ReservedCodeCacheSize=
#   JVM is running with Unscaled Compressed Oops mode in which the Java heap is
#     placed in the first 4GB address space. The Java Heap base address is the
#     maximum limit for the native heap growth. Please use -XX:HeapBaseMinAddress
#     to set the Java Heap base and to place the Java Heap above 4GB virtual address.
# This output file may be truncated or incomplete.
#
#  Out of Memory Error (allocation.cpp:389), pid=1020, tid=0x0000000000001c54
#
# JRE version: OpenJDK Runtime Environment (8.0_242-b01) (build 1.8.0_242-release-1644-b01)
# Java VM: OpenJDK 64-Bit Server VM (25.242-b01 mixed mode windows-amd64 compressed oops)
# Failed to write core dump. Minidumps are not enabled by default on client versions of Windows
#

---------------  T H R E A D  ---------------

Current thread (0x000000001734a800):  JavaThread "C2 CompilerThread1" daemon [_thread_in_native, id=7252, stack(0x0000000018a90000,0x0000000018b90000)]

Stack: [0x0000000018a90000,0x0000000018b90000]
[error occurred during error reporting (printing stack bounds), id 0xc0000005]

Native frames: (J=compiled Java code, j=interpreted, Vv=VM code, C=native code)


Current CompileTask:
C2: 128406 9179       4       org.gradle.internal.fingerprint.impl.DefaultFileSystemLocationFingerprint::appendToHasher (21 bytes)


---------------  P R O C E S S  ---------------

Java Threads: ( => current thread )
  0x00000000219a6800 JavaThread "jar transforms Thread 104" [_thread_blocked, id=12272, stack(0x000000002c2a0000,0x000000002c3a0000)]
  0x000000002199d000 JavaThread "jar transforms Thread 103" [_thread_blocked, id=2132, stack(0x000000002c1a0000,0x000000002c2a0000)]
  0x00000000219a3000 JavaThread "jar transforms Thread 102" [_thread_blocked, id=10988, stack(0x000000002c0a0000,0x000000002c1a0000)]
  0x00000000219a2800 JavaThread "jar transforms Thread 101" [_thread_blocked, id=9104, stack(0x000000002bfa0000,0x000000002c0a0000)]
  0x000000002199f800 JavaThread "jar transforms Thread 100" [_thread_blocked, id=3884, stack(0x000000002bea0000,0x000000002bfa0000)]
  0x000000002199e000 JavaThread "jar transforms Thread 99" [_thread_blocked, id=11012, stack(0x000000002bda0000,0x000000002bea0000)]
  0x000000002199c800 JavaThread "jar transforms Thread 98" [_thread_blocked, id=1804, stack(0x000000002bca0000,0x000000002bda0000)]
  0x000000002199e800 JavaThread "jar transforms Thread 97" [_thread_blocked, id=6364, stack(0x000000002bba0000,0x000000002bca0000)]
  0x000000002214d800 JavaThread "jar transforms Thread 96" [_thread_blocked, id=10668, stack(0x000000002baa0000,0x000000002bba0000)]
  0x000000002214c000 JavaThread "jar transforms Thread 95" [_thread_blocked, id=1412, stack(0x000000002b9a0000,0x000000002baa0000)]
  0x000000002214b000 JavaThread "jar transforms Thread 94" [_thread_blocked, id=11800, stack(0x000000002b8a0000,0x000000002b9a0000)]
  0x0000000022149000 JavaThread "jar transforms Thread 93" [_thread_blocked, id=11136, stack(0x000000002b7a0000,0x000000002b8a0000)]
  0x000000002214c800 JavaThread "jar transforms Thread 92" [_thread_blocked, id=8580, stack(0x000000002b6a0000,0x000000002b7a0000)]
  0x000000002214a800 JavaThread "jar transforms Thread 91" [_thread_blocked, id=4668, stack(0x000000002b5a0000,0x000000002b6a0000)]
  0x0000000022149800 JavaThread "jar transforms Thread 90" [_thread_blocked, id=7004, stack(0x000000002b4a0000,0x000000002b5a0000)]
  0x0000000022148000 JavaThread "jar transforms Thread 89" [_thread_blocked, id=6136, stack(0x000000002b3a0000,0x000000002b4a0000)]
  0x0000000022140800 JavaThread "jar transforms Thread 88" [_thread_blocked, id=3596, stack(0x000000002b2a0000,0x000000002b3a0000)]
  0x0000000022147800 JavaThread "jar transforms Thread 87" [_thread_blocked, id=8928, stack(0x000000002b1a0000,0x000000002b2a0000)]
  0x0000000022146800 JavaThread "jar transforms Thread 86" [_thread_blocked, id=5780, stack(0x000000002b0a0000,0x000000002b1a0000)]
  0x000000002213f000 JavaThread "jar transforms Thread 85" [_thread_blocked, id=6240, stack(0x000000002afa0000,0x000000002b0a0000)]
  0x0000000022146000 JavaThread "jar transforms Thread 84" [_thread_blocked, id=3004, stack(0x000000002aea0000,0x000000002afa0000)]
  0x0000000022144800 JavaThread "jar transforms Thread 83" [_thread_blocked, id=10168, stack(0x000000002ada0000,0x000000002aea0000)]
  0x0000000022143800 JavaThread "jar transforms Thread 82" [_thread_blocked, id=4168, stack(0x000000002aca0000,0x000000002ada0000)]
  0x0000000022143000 JavaThread "jar transforms Thread 81" [_thread_blocked, id=11796, stack(0x000000002aba0000,0x000000002aca0000)]
  0x000000002213e800 JavaThread "jar transforms Thread 80" [_thread_blocked, id=8012, stack(0x000000002aaa0000,0x000000002aba0000)]
  0x0000000022145000 JavaThread "jar transforms Thread 79" [_thread_blocked, id=10100, stack(0x000000002a9a0000,0x000000002aaa0000)]
  0x0000000022142000 JavaThread "jar transforms Thread 78" [_thread_blocked, id=2036, stack(0x000000002a8a0000,0x000000002a9a0000)]
  0x0000000022140000 JavaThread "jar transforms Thread 77" [_thread_blocked, id=4380, stack(0x000000002a7a0000,0x000000002a8a0000)]
  0x0000000022141800 JavaThread "jar transforms Thread 76" [_thread_blocked, id=4192, stack(0x000000002a6a0000,0x000000002a7a0000)]
  0x0000000021f19800 JavaThread "jar transforms Thread 75" [_thread_blocked, id=1516, stack(0x000000002a5a0000,0x000000002a6a0000)]
  0x0000000021f19000 JavaThread "jar transforms Thread 74" [_thread_blocked, id=2748, stack(0x000000002a4a0000,0x000000002a5a0000)]
  0x0000000021f1b000 JavaThread "jar transforms Thread 73" [_thread_blocked, id=7580, stack(0x000000002a3a0000,0x000000002a4a0000)]
  0x0000000021f1a800 JavaThread "jar transforms Thread 72" [_thread_blocked, id=9820, stack(0x000000002a2a0000,0x000000002a3a0000)]
  0x0000000021f1f000 JavaThread "jar transforms Thread 71" [_thread_blocked, id=11952, stack(0x000000002a1a0000,0x000000002a2a0000)]
  0x0000000021f1d800 JavaThread "jar transforms Thread 70" [_thread_blocked, id=10388, stack(0x000000002a0a0000,0x000000002a1a0000)]
  0x0000000021f1e000 JavaThread "jar transforms Thread 69" [_thread_blocked, id=2116, stack(0x0000000029fa0000,0x000000002a0a0000)]
  0x0000000021f1c800 JavaThread "jar transforms Thread 68" [_thread_blocked, id=852, stack(0x0000000029ea0000,0x0000000029fa0000)]
  0x0000000021f1c000 JavaThread "jar transforms Thread 67" [_thread_blocked, id=2372, stack(0x0000000029da0000,0x0000000029ea0000)]
  0x0000000021f1f800 JavaThread "jar transforms Thread 66" [_thread_blocked, id=3916, stack(0x0000000029ca0000,0x0000000029da0000)]
  0x0000000021f11800 JavaThread "jar transforms Thread 65" [_thread_blocked, id=1424, stack(0x0000000029ba0000,0x0000000029ca0000)]
  0x0000000021f18000 JavaThread "jar transforms Thread 64" [_thread_blocked, id=10704, stack(0x0000000029aa0000,0x0000000029ba0000)]
  0x0000000021f13800 JavaThread "jar transforms Thread 63" [_thread_blocked, id=5184, stack(0x00000000299a0000,0x0000000029aa0000)]
  0x0000000021f10800 JavaThread "jar transforms Thread 62" [_thread_blocked, id=9320, stack(0x00000000298a0000,0x00000000299a0000)]
  0x0000000021f17800 JavaThread "jar transforms Thread 61" [_thread_blocked, id=7200, stack(0x00000000297a0000,0x00000000298a0000)]
  0x0000000021f13000 JavaThread "jar transforms Thread 60" [_thread_blocked, id=7860, stack(0x00000000296a0000,0x00000000297a0000)]
  0x0000000021f16800 JavaThread "jar transforms Thread 59" [_thread_blocked, id=8316, stack(0x00000000295a0000,0x00000000296a0000)]
  0x0000000021f15000 JavaThread "jar transforms Thread 58" [_thread_blocked, id=2580, stack(0x00000000294a0000,0x00000000295a0000)]
  0x0000000021f14800 JavaThread "jar transforms Thread 57" [_thread_blocked, id=4968, stack(0x00000000293a0000,0x00000000294a0000)]
  0x0000000021f12000 JavaThread "jar transforms Thread 56" [_thread_blocked, id=4364, stack(0x00000000292a0000,0x00000000293a0000)]
  0x0000000021f16000 JavaThread "jar transforms Thread 55" [_thread_blocked, id=1392, stack(0x00000000291a0000,0x00000000292a0000)]
  0x00000000242d8000 JavaThread "jar transforms Thread 54" [_thread_blocked, id=7444, stack(0x00000000290a0000,0x00000000291a0000)]
  0x00000000242d7800 JavaThread "jar transforms Thread 53" [_thread_blocked, id=11268, stack(0x0000000028fa0000,0x00000000290a0000)]
  0x00000000242d0800 JavaThread "jar transforms Thread 52" [_thread_blocked, id=7436, stack(0x0000000028ea0000,0x0000000028fa0000)]
  0x00000000242d6000 JavaThread "jar transforms Thread 51" [_thread_blocked, id=2928, stack(0x0000000027dd0000,0x0000000027ed0000)]
  0x00000000242d4800 JavaThread "jar transforms Thread 50" [_thread_blocked, id=984, stack(0x0000000027cd0000,0x0000000027dd0000)]
  0x00000000242d6800 JavaThread "jar transforms Thread 49" [_thread_blocked, id=11064, stack(0x0000000027bd0000,0x0000000027cd0000)]
  0x00000000242d3000 JavaThread "jar transforms Thread 48" [_thread_blocked, id=9244, stack(0x0000000027ad0000,0x0000000027bd0000)]
  0x00000000242d1800 JavaThread "jar transforms Thread 47" [_thread_blocked, id=1840, stack(0x00000000279d0000,0x0000000027ad0000)]
  0x00000000242d3800 JavaThread "jar transforms Thread 46" [_thread_blocked, id=12132, stack(0x00000000278d0000,0x00000000279d0000)]
  0x00000000242d5000 JavaThread "jar transforms Thread 45" [_thread_blocked, id=11532, stack(0x00000000277d0000,0x00000000278d0000)]
  0x00000000242c9000 JavaThread "jar transforms Thread 44" [_thread_blocked, id=11048, stack(0x00000000276d0000,0x00000000277d0000)]
  0x00000000242cf000 JavaThread "jar transforms Thread 43" [_thread_blocked, id=2144, stack(0x00000000275d0000,0x00000000276d0000)]
  0x00000000242ce800 JavaThread "jar transforms Thread 42" [_thread_blocked, id=244, stack(0x00000000274d0000,0x00000000275d0000)]
  0x00000000242ca800 JavaThread "jar transforms Thread 41" [_thread_blocked, id=7412, stack(0x00000000273d0000,0x00000000274d0000)]
  0x00000000242d0000 JavaThread "jar transforms Thread 40" [_thread_blocked, id=5076, stack(0x00000000272d0000,0x00000000273d0000)]
  0x00000000242ca000 JavaThread "jar transforms Thread 39" [_thread_blocked, id=10368, stack(0x00000000271d0000,0x00000000272d0000)]
  0x00000000242cd800 JavaThread "jar transforms Thread 38" [_thread_blocked, id=10572, stack(0x00000000270d0000,0x00000000271d0000)]
  0x00000000242cc000 JavaThread "jar transforms Thread 37" [_thread_blocked, id=7836, stack(0x0000000026fd0000,0x00000000270d0000)]
  0x00000000242cd000 JavaThread "jar transforms Thread 36" [_thread_blocked, id=10956, stack(0x0000000026ed0000,0x0000000026fd0000)]
  0x00000000242cb800 JavaThread "jar transforms Thread 35" [_thread_blocked, id=11584, stack(0x0000000026dd0000,0x0000000026ed0000)]
  0x000000001961f000 JavaThread "jar transforms Thread 34" [_thread_blocked, id=1560, stack(0x0000000026cd0000,0x0000000026dd0000)]
  0x0000000019624000 JavaThread "jar transforms Thread 33" [_thread_blocked, id=10812, stack(0x0000000026bd0000,0x0000000026cd0000)]
  0x0000000019625000 JavaThread "jar transforms Thread 32" [_thread_blocked, id=5224, stack(0x0000000026ad0000,0x0000000026bd0000)]
  0x0000000019623800 JavaThread "jar transforms Thread 31" [_thread_blocked, id=1032, stack(0x00000000269d0000,0x0000000026ad0000)]
  0x000000001adba800 JavaThread "jar transforms Thread 30" [_thread_blocked, id=9496, stack(0x00000000268d0000,0x00000000269d0000)]
  0x000000001adb9800 JavaThread "jar transforms Thread 29" [_thread_blocked, id=2956, stack(0x00000000267d0000,0x00000000268d0000)]
  0x000000001adb9000 JavaThread "jar transforms Thread 28" [_thread_blocked, id=3464, stack(0x00000000266d0000,0x00000000267d0000)]
  0x000000001adb0000 JavaThread "jar transforms Thread 27" [_thread_blocked, id=11748, stack(0x00000000265d0000,0x00000000266d0000)]
  0x000000001adb5000 JavaThread "jar transforms Thread 26" [_thread_blocked, id=10328, stack(0x00000000261c0000,0x00000000262c0000)]
  0x000000001adb3000 JavaThread "jar transforms Thread 25" [_thread_blocked, id=9344, stack(0x0000000025f50000,0x0000000026050000)]
  0x000000001df2e000 JavaThread "jar transforms Thread 24" [_thread_blocked, id=4964, stack(0x0000000025e50000,0x0000000025f50000)]
  0x000000001df30000 JavaThread "jar transforms Thread 23" [_thread_blocked, id=9964, stack(0x0000000025d50000,0x0000000025e50000)]
  0x000000001df34800 JavaThread "jar transforms Thread 22" [_thread_blocked, id=116, stack(0x0000000025c50000,0x0000000025d50000)]
  0x000000001df34000 JavaThread "jar transforms Thread 21" [_thread_blocked, id=12008, stack(0x0000000025b50000,0x0000000025c50000)]
  0x000000001df31000 JavaThread "Build operations Thread 4" [_thread_blocked, id=6992, stack(0x00000000257f0000,0x00000000258f0000)]
  0x000000001df2e800 JavaThread "Build operations Thread 3" [_thread_blocked, id=3672, stack(0x00000000256f0000,0x00000000257f0000)]
  0x000000001df33000 JavaThread "Build operations Thread 2" [_thread_blocked, id=9712, stack(0x00000000255f0000,0x00000000256f0000)]
  0x000000001df32800 JavaThread "Build operations" [_thread_blocked, id=1832, stack(0x00000000254f0000,0x00000000255f0000)]
  0x000000001adb8000 JavaThread "Cache worker for Build Output Cleanup Cache (D:\gamm\AndroidStudioProjects\1\MyguitarClassCopi\.gradle\buildOutputCleanup)" [_thread_blocked, id=12276, stack(0x0000000024120000,0x0000000024220000)]
  0x000000001adb6000 JavaThread "Cache worker for cache directory md-rule (C:\Users\mzenin\.gradle\caches\6.8.3\md-rule)" [_thread_blocked, id=924, stack(0x0000000024020000,0x0000000024120000)]
  0x000000001adb4800 JavaThread "Cache worker for cache directory md-supplier (C:\Users\mzenin\.gradle\caches\6.8.3\md-supplier)" [_thread_blocked, id=5000, stack(0x0000000023f20000,0x0000000024020000)]
  0x000000001adb0800 JavaThread "Cache worker for checksums cache (D:\gamm\AndroidStudioProjects\1\MyguitarClassCopi\.gradle\checksums)" [_thread_blocked, id=9408, stack(0x0000000023e20000,0x0000000023f20000)]
  0x000000001adb6800 JavaThread "Cache worker for file hash cache (D:\gamm\AndroidStudioProjects\1\MyguitarClassCopi\.gradle\6.8.3\fileHashes)" [_thread_blocked, id=7100, stack(0x0000000023d20000,0x0000000023e20000)]
  0x000000001adaf000 JavaThread "Daemon client event forwarder" [_thread_blocked, id=6800, stack(0x0000000023c20000,0x0000000023d20000)]
  0x000000001adad000 JavaThread "Stdin handler" [_thread_blocked, id=5824, stack(0x0000000023b20000,0x0000000023c20000)]
  0x000000001adae800 JavaThread "Asynchronous log dispatcher for DefaultDaemonConnection: socket connection from /127.0.0.1:52923 to /127.0.0.1:52937" [_thread_blocked, id=11672, stack(0x0000000023a20000,0x0000000023b20000)]
  0x000000001adad800 JavaThread "Cancel handler" [_thread_blocked, id=920, stack(0x0000000023920000,0x0000000023a20000)]
  0x000000001adb3800 JavaThread "Handler for socket connection from /127.0.0.1:52923 to /127.0.0.1:52937" [_thread_in_native, id=12116, stack(0x0000000023820000,0x0000000023920000)]
  0x000000001adb2000 JavaThread "Cache worker for file content cache (C:\Users\mzenin\.gradle\caches\6.8.3\fileContent)" [_thread_blocked, id=12172, stack(0x0000000022f60000,0x0000000023060000)]
  0x000000001961e000 JavaThread "Cache worker for execution history cache (C:\Users\mzenin\.gradle\caches\6.8.3\executionHistory)" [_thread_blocked, id=11492, stack(0x0000000022860000,0x0000000022960000)]
  0x0000000019622800 JavaThread "jar transforms Thread 20" [_thread_blocked, id=10332, stack(0x000000001fe50000,0x000000001ff50000)]
  0x0000000019622000 JavaThread "jar transforms Thread 19" [_thread_blocked, id=9668, stack(0x000000001fd50000,0x000000001fe50000)]
  0x0000000019621000 JavaThread "jar transforms Thread 18" [_thread_blocked, id=3400, stack(0x000000001fc50000,0x000000001fd50000)]
  0x0000000019619800 JavaThread "jar transforms Thread 17" [_thread_blocked, id=2804, stack(0x000000001fb50000,0x000000001fc50000)]
  0x0000000019620800 JavaThread "jar transforms Thread 16" [_thread_blocked, id=12188, stack(0x000000001fa50000,0x000000001fb50000)]
  0x000000001961d800 JavaThread "jar transforms Thread 15" [_thread_blocked, id=6816, stack(0x000000001f950000,0x000000001fa50000)]
  0x000000001961c000 JavaThread "jar transforms Thread 14" [_thread_blocked, id=10912, stack(0x000000001f850000,0x000000001f950000)]
  0x0000000019619000 JavaThread "jar transforms Thread 13" [_thread_blocked, id=11008, stack(0x000000001f750000,0x000000001f850000)]
  0x000000001961f800 JavaThread "jar transforms Thread 12" [_thread_blocked, id=10536, stack(0x000000001f650000,0x000000001f750000)]
  0x000000001961a800 JavaThread "jar transforms Thread 11" [_thread_blocked, id=8840, stack(0x000000001f550000,0x000000001f650000)]
  0x000000001961c800 JavaThread "jar transforms Thread 10" [_thread_blocked, id=2284, stack(0x000000001f450000,0x000000001f550000)]
  0x000000001961b000 JavaThread "jar transforms Thread 9" [_thread_blocked, id=2924, stack(0x000000001f350000,0x000000001f450000)]
  0x0000000019618000 JavaThread "jar transforms Thread 8" [_thread_blocked, id=7856, stack(0x000000001f250000,0x000000001f350000)]
  0x000000001df31800 JavaThread "Cache worker for journal cache (C:\Users\mzenin\.gradle\caches\journal-1)" [_thread_blocked, id=4176, stack(0x000000001e750000,0x000000001e850000)]
  0x000000001df2f800 JavaThread "File lock request listener" [_thread_in_native, id=10296, stack(0x000000001e350000,0x000000001e450000)]
  0x000000001bbfc800 JavaThread "Cache worker for file hash cache (C:\Users\mzenin\.gradle\caches\6.8.3\fileHashes)" [_thread_blocked, id=10724, stack(0x000000001e150000,0x000000001e250000)]
  0x00000000195dc800 JavaThread "Daemon worker" [_thread_in_native, id=3032, stack(0x000000001cb80000,0x000000001cc80000)]
  0x000000001a989000 JavaThread "Daemon periodic checks" [_thread_blocked, id=2344, stack(0x000000001c880000,0x000000001c980000)]
  0x000000001b3ec800 JavaThread "Daemon" [_thread_blocked, id=9692, stack(0x000000001c780000,0x000000001c880000)]
  0x000000001b36e800 JavaThread "Incoming local TCP Connector on port 52923" [_thread_in_native, id=3080, stack(0x000000001c330000,0x000000001c430000)]
  0x000000001a6a9000 JavaThread "Daemon health stats" [_thread_blocked, id=10752, stack(0x000000001bcf0000,0x000000001bdf0000)]
  0x0000000018c97800 JavaThread "Service Thread" daemon [_thread_blocked, id=9604, stack(0x0000000019090000,0x0000000019190000)]
  0x000000001739b000 JavaThread "C1 CompilerThread2" daemon [_thread_blocked, id=11624, stack(0x0000000018b90000,0x0000000018c90000)]
=>0x000000001734a800 JavaThread "C2 CompilerThread1" daemon [_thread_in_native, id=7252, stack(0x0000000018a90000,0x0000000018b90000)]
  0x0000000017341800 JavaThread "C2 CompilerThread0" daemon [_thread_in_native, id=5700, stack(0x0000000018990000,0x0000000018a90000)]
  0x0000000017340800 JavaThread "Attach Listener" daemon [_thread_blocked, id=11552, stack(0x0000000018890000,0x0000000018990000)]
  0x0000000017347000 JavaThread "Signal Dispatcher" daemon [_thread_blocked, id=9744, stack(0x0000000018790000,0x0000000018890000)]
  0x000000000271b000 JavaThread "Finalizer" daemon [_thread_blocked, id=7056, stack(0x0000000018590000,0x0000000018690000)]
  0x0000000017329000 JavaThread "Reference Handler" daemon [_thread_blocked, id=2900, stack(0x0000000018490000,0x0000000018590000)]
  0x000000000251d800 JavaThread "main" [_thread_blocked, id=2328, stack(0x0000000002520000,0x0000000002620000)]

Other Threads:
  0x0000000017306800 VMThread [stack: 0x0000000018390000,0x0000000018490000] [id=9828]
  0x0000000018c98800 WatcherThread [stack: 0x0000000019190000,0x0000000019290000] [id=11592]

VM state:not at safepoint (normal execution)

VM Mutex/Monitor currently owned by a thread: None

OutOfMemory and StackOverflow Exception counts:
OutOfMemoryError java_heap_errors=4

heap address: 0x0000000080000000, size: 2048 MB, Compressed Oops mode: 32-bit
Narrow klass base: 0x0000000000000000, Narrow klass shift: 3
Compressed class space size: 1073741824 Address: 0x0000000100000000

Heap:
 PSYoungGen      total 521728K, used 262006K [0x00000000d5580000, 0x00000000f9c00000, 0x0000000100000000)
  eden space 508928K, 50% used [0x00000000d5580000,0x00000000e5025a98,0x00000000f4680000)
  from space 12800K, 41% used [0x00000000f4680000,0x00000000f4bb8010,0x00000000f5300000)
  to   space 12288K, 0% used [0x00000000f9000000,0x00000000f9000000,0x00000000f9c00000)
 ParOldGen       total 65024K, used 48022K [0x0000000080000000, 0x0000000083f80000, 0x00000000d5580000)
  object space 65024K, 73% used [0x0000000080000000,0x0000000082ee5a80,0x0000000083f80000)
 Metaspace       used 52519K, capacity 54928K, committed 55040K, reserved 1097728K
  class space    used 6644K, capacity 7122K, committed 7168K, reserved 1048576K

Card table byte_map: [0x0000000011ae0000,0x0000000011ef0000] byte_map_base: 0x00000000116e0000

Marking Bits: (ParMarkBitMap*) 0x0000000057a8f030
 Begin Bits: [0x00000000125a0000, 0x00000000145a0000)
 End Bits:   [0x00000000145a0000, 0x00000000165a0000)

Polling page: 0x00000000007a0000

CodeCache: size=245760Kb used=28699Kb max_used=29305Kb free=217060Kb
 bounds [0x0000000002720000, 0x0000000004400000, 0x0000000011720000]
 total_blobs=8387 nmethods=7579 adapters=721
 compilation: enabled

Compilation events (10 events):
Event: 127.969 Thread 0x000000001734a800 nmethod 9176 0x0000000002bc0090 code [0x0000000002bc01e0, 0x0000000002bc02b8]
Event: 127.969 Thread 0x000000001734a800 9172       4       org.gradle.internal.hash.Hashing::primitiveStreamHasher (7 bytes)
Event: 127.985 Thread 0x000000001734a800 nmethod 9172 0x0000000002c151d0 code [0x0000000002c153a0, 0x0000000002c15c38]
Event: 128.013 Thread 0x0000000017341800 nmethod 9170 0x00000000039da090 code [0x00000000039da480, 0x00000000039dc360]
Event: 128.269 Thread 0x000000001734a800 9177 %     4       java.util.ComparableTimSort::binarySort @ 32 (223 bytes)
Event: 128.278 Thread 0x000000001734a800 nmethod 9177% 0x0000000002de9250 code [0x0000000002de93c0, 0x0000000002de99f8]
Event: 128.279 Thread 0x0000000017341800 9178 %     4       java.util.ComparableTimSort::binarySort @ 72 (223 bytes)
Event: 128.288 Thread 0x0000000017341800 nmethod 9178% 0x0000000003cbbdd0 code [0x0000000003cbbf40, 0x0000000003cbc698]
Event: 128.320 Thread 0x000000001734a800 9179       4       org.gradle.internal.fingerprint.impl.DefaultFileSystemLocationFingerprint::appendToHasher (21 bytes)
Event: 128.351 Thread 0x0000000017341800 9180       4       org.gradle.internal.hash.Hashing$DefaultHasher::putHash (24 bytes)

GC Heap History (10 events):
Event: 120.556 GC heap before
{Heap before GC invocations=23 (full 2):
 PSYoungGen      total 381952K, used 373101K [0x00000000d5580000, 0x00000000edd00000, 0x0000000100000000)
  eden space 370176K, 100% used [0x00000000d5580000,0x00000000ebf00000,0x00000000ebf00000)
  from space 11776K, 24% used [0x00000000ed180000,0x00000000ed45b650,0x00000000edd00000)
  to   space 15360K, 0% used [0x00000000ebf00000,0x00000000ebf00000,0x00000000ece00000)
 ParOldGen       total 65024K, used 47918K [0x0000000080000000, 0x0000000083f80000, 0x00000000d5580000)
  object space 65024K, 73% used [0x0000000080000000,0x0000000082ecb838,0x0000000083f80000)
 Metaspace       used 52466K, capacity 54860K, committed 55040K, reserved 1097728K
  class space    used 6642K, capacity 7122K, committed 7168K, reserved 1048576K
Event: 120.593 GC heap after
Heap after GC invocations=23 (full 2):
 PSYoungGen      total 385536K, used 4678K [0x00000000d5580000, 0x00000000f1d80000, 0x0000000100000000)
  eden space 370176K, 0% used [0x00000000d5580000,0x00000000d5580000,0x00000000ebf00000)
  from space 15360K, 30% used [0x00000000ebf00000,0x00000000ec391970,0x00000000ece00000)
  to   space 14848K, 0% used [0x00000000f0f00000,0x00000000f0f00000,0x00000000f1d80000)
 ParOldGen       total 65024K, used 47926K [0x0000000080000000, 0x0000000083f80000, 0x00000000d5580000)
  object space 65024K, 73% used [0x0000000080000000,0x0000000082ecd838,0x0000000083f80000)
 Metaspace       used 52466K, capacity 54860K, committed 55040K, reserved 1097728K
  class space    used 6642K, capacity 7122K, committed 7168K, reserved 1048576K
}
Event: 121.934 GC heap before
{Heap before GC invocations=24 (full 2):
 PSYoungGen      total 385536K, used 374854K [0x00000000d5580000, 0x00000000f1d80000, 0x0000000100000000)
  eden space 370176K, 100% used [0x00000000d5580000,0x00000000ebf00000,0x00000000ebf00000)
  from space 15360K, 30% used [0x00000000ebf00000,0x00000000ec391970,0x00000000ece00000)
  to   space 14848K, 0% used [0x00000000f0f00000,0x00000000f0f00000,0x00000000f1d80000)
 ParOldGen       total 65024K, used 47973K [0x0000000080000000, 0x0000000083f80000, 0x00000000d5580000)
  object space 65024K, 73% used [0x0000000080000000,0x0000000082ed96b8,0x0000000083f80000)
 Metaspace       used 52490K, capacity 54864K, committed 55040K, reserved 1097728K
  class space    used 6644K, capacity 7122K, committed 7168K, reserved 1048576K
Event: 121.942 GC heap after
Heap after GC invocations=24 (full 2):
 PSYoungGen      total 443904K, used 6133K [0x00000000d5580000, 0x00000000f1880000, 0x0000000100000000)
  eden space 434176K, 0% used [0x00000000d5580000,0x00000000d5580000,0x00000000efd80000)
  from space 9728K, 63% used [0x00000000f0f00000,0x00000000f14fd5e8,0x00000000f1880000)
  to   space 13824K, 0% used [0x00000000efd80000,0x00000000efd80000,0x00000000f0b00000)
 ParOldGen       total 65024K, used 47981K [0x0000000080000000, 0x0000000083f80000, 0x00000000d5580000)
  object space 65024K, 73% used [0x0000000080000000,0x0000000082edb6b8,0x0000000083f80000)
 Metaspace       used 52490K, capacity 54864K, committed 55040K, reserved 1097728K
  class space    used 6644K, capacity 7122K, committed 7168K, reserved 1048576K
}
Event: 123.119 GC heap before
{Heap before GC invocations=25 (full 2):
 PSYoungGen      total 443904K, used 440309K [0x00000000d5580000, 0x00000000f1880000, 0x0000000100000000)
  eden space 434176K, 100% used [0x00000000d5580000,0x00000000efd80000,0x00000000efd80000)
  from space 9728K, 63% used [0x00000000f0f00000,0x00000000f14fd5e8,0x00000000f1880000)
  to   space 13824K, 0% used [0x00000000efd80000,0x00000000efd80000,0x00000000f0b00000)
 ParOldGen       total 65024K, used 47984K [0x0000000080000000, 0x0000000083f80000, 0x00000000d5580000)
  object space 65024K, 73% used [0x0000000080000000,0x0000000082edc280,0x0000000083f80000)
 Metaspace       used 52497K, capacity 54864K, committed 55040K, reserved 1097728K
  class space    used 6644K, capacity 7122K, committed 7168K, reserved 1048576K
Event: 123.128 GC heap after
Heap after GC invocations=25 (full 2):
 PSYoungGen      total 448000K, used 5952K [0x00000000d5580000, 0x00000000f6000000, 0x0000000100000000)
  eden space 434176K, 0% used [0x00000000d5580000,0x00000000d5580000,0x00000000efd80000)
  from space 13824K, 43% used [0x00000000efd80000,0x00000000f0350050,0x00000000f0b00000)
  to   space 13312K, 0% used [0x00000000f5300000,0x00000000f5300000,0x00000000f6000000)
 ParOldGen       total 65024K, used 47992K [0x0000000080000000, 0x0000000083f80000, 0x00000000d5580000)
  object space 65024K, 73% used [0x0000000080000000,0x0000000082ede280,0x0000000083f80000)
 Metaspace       used 52497K, capacity 54864K, committed 55040K, reserved 1097728K
  class space    used 6644K, capacity 7122K, committed 7168K, reserved 1048576K
}
Event: 123.886 GC heap before
{Heap before GC invocations=26 (full 2):
 PSYoungGen      total 448000K, used 440128K [0x00000000d5580000, 0x00000000f6000000, 0x0000000100000000)
  eden space 434176K, 100% used [0x00000000d5580000,0x00000000efd80000,0x00000000efd80000)
  from space 13824K, 43% used [0x00000000efd80000,0x00000000f0350050,0x00000000f0b00000)
  to   space 13312K, 0% used [0x00000000f5300000,0x00000000f5300000,0x00000000f6000000)
 ParOldGen       total 65024K, used 47996K [0x0000000080000000, 0x0000000083f80000, 0x00000000d5580000)
  object space 65024K, 73% used [0x0000000080000000,0x0000000082edf210,0x0000000083f80000)
 Metaspace       used 52503K, capacity 54928K, committed 55040K, reserved 1097728K
  class space    used 6644K, capacity 7122K, committed 7168K, reserved 1048576K
Event: 123.892 GC heap after
Heap after GC invocations=26 (full 2):
 PSYoungGen      total 521728K, used 3456K [0x00000000d5580000, 0x00000000f5f80000, 0x0000000100000000)
  eden space 508928K, 0% used [0x00000000d5580000,0x00000000d5580000,0x00000000f4680000)
  from space 12800K, 27% used [0x00000000f5300000,0x00000000f5660000,0x00000000f5f80000)
  to   space 12800K, 0% used [0x00000000f4680000,0x00000000f4680000,0x00000000f5300000)
 ParOldGen       total 65024K, used 48004K [0x0000000080000000, 0x0000000083f80000, 0x00000000d5580000)
  object space 65024K, 73% used [0x0000000080000000,0x0000000082ee1210,0x0000000083f80000)
 Metaspace       used 52503K, capacity 54928K, committed 55040K, reserved 1097728K
  class space    used 6644K, capacity 7122K, committed 7168K, reserved 1048576K
}
Event: 125.463 GC heap before
{Heap before GC invocations=27 (full 2):
 PSYoungGen      total 521728K, used 512384K [0x00000000d5580000, 0x00000000f5f80000, 0x0000000100000000)
  eden space 508928K, 100% used [0x00000000d5580000,0x00000000f4680000,0x00000000f4680000)
  from space 12800K, 27% used [0x00000000f5300000,0x00000000f5660000,0x00000000f5f80000)
  to   space 12800K, 0% used [0x00000000f4680000,0x00000000f4680000,0x00000000f5300000)
 ParOldGen       total 65024K, used 48022K [0x0000000080000000, 0x0000000083f80000, 0x00000000d5580000)
  object space 65024K, 73% used [0x0000000080000000,0x0000000082ee5a80,0x0000000083f80000)
 Metaspace       used 52504K, capacity 54928K, committed 55040K, reserved 1097728K
  class space    used 6644K, capacity 7122K, committed 7168K, reserved 1048576K
Event: 125.472 GC heap after
Heap after GC invocations=27 (full 2):
 PSYoungGen      total 521728K, used 5344K [0x00000000d5580000, 0x00000000f9c00000, 0x0000000100000000)
  eden space 508928K, 0% used [0x00000000d5580000,0x00000000d5580000,0x00000000f4680000)
  from space 12800K, 41% used [0x00000000f4680000,0x00000000f4bb8010,0x00000000f5300000)
  to   space 12288K, 0% used [0x00000000f9000000,0x00000000f9000000,0x00000000f9c00000)
 ParOldGen       total 65024K, used 48022K [0x0000000080000000, 0x0000000083f80000, 0x00000000d5580000)
  object space 65024K, 73% used [0x0000000080000000,0x0000000082ee5a80,0x0000000083f80000)
 Metaspace       used 52504K, capacity 54928K, committed 55040K, reserved 1097728K
  class space    used 6644K, capacity 7122K, committed 7168K, reserved 1048576K
}

Deoptimization events (10 events):
Event: 123.242 Thread 0x000000002214c800 Uncommon trap: reason=unstable_if action=reinterpret pc=0x000000000435fbfc method=org.objectweb.asm.Attribute.computeAttributesSize(Lorg/objectweb/asm/SymbolTable;II)I @ 16
Event: 123.242 Thread 0x000000002214c800 Uncommon trap: reason=unstable_if action=reinterpret pc=0x0000000003b0c818 method=org.objectweb.asm.Attribute.computeAttributesSize(Lorg/objectweb/asm/SymbolTable;II)I @ 16
Event: 123.242 Thread 0x000000002214c800 Uncommon trap: reason=unstable_if action=reinterpret pc=0x0000000003c8609c method=org.objectweb.asm.Attribute.computeAttributesSize(Lorg/objectweb/asm/SymbolTable;II)I @ 16
Event: 123.242 Thread 0x000000002214c800 Uncommon trap: reason=unstable_if action=reinterpret pc=0x0000000002a4b198 method=org.objectweb.asm.Attribute.computeAttributesSize(Lorg/objectweb/asm/SymbolTable;II)I @ 16
Event: 123.242 Thread 0x000000002214c800 Uncommon trap: reason=unstable_if action=reinterpret pc=0x0000000003983e30 method=org.objectweb.asm.FieldWriter.putFieldInfo(Lorg/objectweb/asm/ByteVector;)V @ 82
Event: 123.242 Thread 0x000000002214c800 Uncommon trap: reason=unstable_if action=reinterpret pc=0x0000000002c8bf24 method=org.objectweb.asm.Attribute.putAttributes(Lorg/objectweb/asm/SymbolTable;IILorg/objectweb/asm/ByteVector;)V @ 14
Event: 123.242 Thread 0x000000002214c800 Uncommon trap: reason=unstable_if action=reinterpret pc=0x0000000004352f24 method=org.objectweb.asm.MethodWriter.putMethodInfo(Lorg/objectweb/asm/ByteVector;)V @ 126
Event: 123.387 Thread 0x000000001961d800 Uncommon trap: reason=unstable_if action=reinterpret pc=0x00000000031ce680 method=org.objectweb.asm.MethodWriter.visitLocalVariable(Ljava/lang/String;Ljava/lang/String;Ljava/lang/String;Lorg/objectweb/asm/Label;Lorg/objectweb/asm/Label;I)V @ 212
Event: 123.457 Thread 0x000000002199d000 Uncommon trap: reason=unstable_if action=reinterpret pc=0x0000000004383e98 method=org.objectweb.asm.MethodWriter.visitVarInsn(II)V @ 20
Event: 123.487 Thread 0x0000000022146000 Uncommon trap: reason=unstable_if action=reinterpret pc=0x0000000003a71f14 method=org.objectweb.asm.MethodWriter.visitVarInsn(II)V @ 20

Classes redefined (0 events):
No events

Internal exceptions (10 events):
Event: 123.881 Thread 0x0000000022140000 Exception <a 'sun/nio/fs/WindowsException'> (0x00000000efa3aa98) thrown at [C:\src\AOSP-openjdk-git\hotspot\src\share\vm\prims\jni.cpp, line 710]
Event: 123.881 Thread 0x0000000022140000 Exception <a 'sun/nio/fs/WindowsException'> (0x00000000efa3ae90) thrown at [C:\src\AOSP-openjdk-git\hotspot\src\share\vm\prims\jni.cpp, line 710]
Event: 123.930 Thread 0x0000000022146000 Exception <a 'sun/nio/fs/WindowsException'> (0x00000000d78820e8) thrown at [C:\src\AOSP-openjdk-git\hotspot\src\share\vm\prims\jni.cpp, line 710]
Event: 123.935 Thread 0x0000000022146000 Exception <a 'sun/nio/fs/WindowsException'> (0x00000000d78824d0) thrown at [C:\src\AOSP-openjdk-git\hotspot\src\share\vm\prims\jni.cpp, line 710]
Event: 124.124 Thread 0x0000000022141800 Exception <a 'sun/nio/fs/WindowsException'> (0x00000000d8df93e0) thrown at [C:\src\AOSP-openjdk-git\hotspot\src\share\vm\prims\jni.cpp, line 710]
Event: 124.125 Thread 0x0000000022141800 Exception <a 'sun/nio/fs/WindowsException'> (0x00000000d8df97d8) thrown at [C:\src\AOSP-openjdk-git\hotspot\src\share\vm\prims\jni.cpp, line 710]
Event: 124.198 Thread 0x0000000021f1c000 Exception <a 'sun/nio/fs/WindowsException'> (0x00000000dcca7ed0) thrown at [C:\src\AOSP-openjdk-git\hotspot\src\share\vm\prims\jni.cpp, line 710]
Event: 124.198 Thread 0x0000000021f1c000 Exception <a 'sun/nio/fs/WindowsException'> (0x00000000dcca82c8) thrown at [C:\src\AOSP-openjdk-git\hotspot\src\share\vm\prims\jni.cpp, line 710]
Event: 126.388 Thread 0x0000000021f17800 Exception <a 'sun/nio/fs/WindowsException'> (0x00000000e1cf83f8) thrown at [C:\src\AOSP-openjdk-git\hotspot\src\share\vm\prims\jni.cpp, line 710]
Event: 126.389 Thread 0x0000000021f17800 Exception <a 'sun/nio/fs/WindowsException'> (0x00000000e1cf87d8) thrown at [C:\src\AOSP-openjdk-git\hotspot\src\share\vm\prims\jni.cpp, line 710]

Events (10 events):
Event: 127.168 Thread 0x000000001734a800 flushing nmethod 0x0000000003d6dc50
Event: 127.168 Thread 0x000000001734a800 flushing nmethod 0x0000000003d70950
Event: 127.168 Thread 0x000000001734a800 flushing nmethod 0x0000000003d73550
Event: 127.168 Thread 0x000000001734a800 flushing nmethod 0x0000000003d74350
Event: 127.168 Thread 0x000000001734a800 flushing nmethod 0x0000000003d9a410
Event: 127.168 Thread 0x000000001734a800 flushing nmethod 0x0000000003d9e090
Event: 127.168 Thread 0x000000001734a800 flushing nmethod 0x0000000003dc1250
Event: 127.168 Thread 0x000000001734a800 flushing nmethod 0x0000000003dc62d0
Event: 127.176 Thread 0x000000001739b000 flushing nmethod 0x0000000003f30090
Event: 127.310 Thread 0x000000001739b000 flushing nmethod 0x0000000003fc57d0


Dynamic libraries:
0x00007ff6315b0000 - 0x00007ff6315e1000 	C:\Program Files\Android\Android Studio\jre\bin\java.exe
0x00007ff97e030000 - 0x00007ff97e21d000 	C:\Windows\SYSTEM32\ntdll.dll
0x00007ff97dae0000 - 0x00007ff97db93000 	C:\Windows\System32\KERNEL32.DLL
0x00007ff97adf0000 - 0x00007ff97b085000 	C:\Windows\System32\KERNELBASE.dll
0x00007ff97bae0000 - 0x00007ff97bb83000 	C:\Windows\System32\ADVAPI32.dll
0x00007ff97be80000 - 0x00007ff97bf1e000 	C:\Windows\System32\msvcrt.dll
0x00007ff97d6a0000 - 0x00007ff97d73e000 	C:\Windows\System32\sechost.dll
0x00007ff97b3c0000 - 0x00007ff97b4df000 	C:\Windows\System32\RPCRT4.dll
0x00007ff97d840000 - 0x00007ff97d9d7000 	C:\Windows\System32\USER32.dll
0x00007ff97ada0000 - 0x00007ff97adc0000 	C:\Windows\System32\win32u.dll
0x00007ff97bca0000 - 0x00007ff97bcc9000 	C:\Windows\System32\GDI32.dll
0x00007ff97aa80000 - 0x00007ff97ac1c000 	C:\Windows\System32\gdi32full.dll
0x00007ff97b090000 - 0x00007ff97b130000 	C:\Windows\System32\msvcp_win.dll
0x00007ff97ac20000 - 0x00007ff97ad1a000 	C:\Windows\System32\ucrtbase.dll
0x00007ff961200000 - 0x00007ff961479000 	C:\Windows\WinSxS\amd64_microsoft.windows.common-controls_6595b64144ccf1df_6.0.17763.1935_none_de70702c534c0c76\COMCTL32.dll
0x00007ff97dcd0000 - 0x00007ff97dffd000 	C:\Windows\System32\combase.dll
0x00007ff97b130000 - 0x00007ff97b1af000 	C:\Windows\System32\bcryptPrimitives.dll
0x00007ff97bba0000 - 0x00007ff97bbce000 	C:\Windows\System32\IMM32.DLL
0x00000000570e0000 - 0x00000000571b2000 	C:\Program Files\Android\Android Studio\jre\jre\bin\msvcr100.dll
0x00000000572c0000 - 0x0000000057b0b000 	C:\Program Files\Android\Android Studio\jre\jre\bin\server\jvm.dll
0x00007ff97bb90000 - 0x00007ff97bb98000 	C:\Windows\System32\PSAPI.DLL
0x00007ff95be80000 - 0x00007ff95be89000 	C:\Windows\SYSTEM32\WSOCK32.dll
0x00007ff976830000 - 0x00007ff976854000 	C:\Windows\SYSTEM32\WINMM.dll
0x00007ff97d770000 - 0x00007ff97d7dd000 	C:\Windows\System32\WS2_32.dll
0x00007ff9712c0000 - 0x00007ff9712ca000 	C:\Windows\SYSTEM32\VERSION.dll
0x00007ff9767f0000 - 0x00007ff97681d000 	C:\Windows\SYSTEM32\WINMMBASE.dll
0x00007ff97a2e0000 - 0x00007ff97a32a000 	C:\Windows\System32\cfgmgr32.dll
0x00007ff976af0000 - 0x00007ff976aff000 	C:\Program Files\Android\Android Studio\jre\jre\bin\verify.dll
0x00007ff975c80000 - 0x00007ff975ca9000 	C:\Program Files\Android\Android Studio\jre\jre\bin\java.dll
0x00007ff976ad0000 - 0x00007ff976ae6000 	C:\Program Files\Android\Android Studio\jre\jre\bin\zip.dll
0x00007ff97bf80000 - 0x00007ff97d479000 	C:\Windows\System32\SHELL32.dll
0x00007ff97d480000 - 0x00007ff97d528000 	C:\Windows\System32\shcore.dll
0x00007ff97a330000 - 0x00007ff97aa7b000 	C:\Windows\System32\windows.storage.dll
0x00007ff97a080000 - 0x00007ff97a0a4000 	C:\Windows\System32\profapi.dll
0x00007ff97a020000 - 0x00007ff97a07d000 	C:\Windows\System32\powrprof.dll
0x00007ff97bf20000 - 0x00007ff97bf72000 	C:\Windows\System32\shlwapi.dll
0x00007ff97a0b0000 - 0x00007ff97a0c1000 	C:\Windows\System32\kernel.appcore.dll
0x00007ff97ad80000 - 0x00007ff97ad97000 	C:\Windows\System32\cryptsp.dll
0x00007ff975c60000 - 0x00007ff975c7a000 	C:\Program Files\Android\Android Studio\jre\jre\bin\net.dll
0x00007ff979860000 - 0x00007ff9798c7000 	C:\Windows\system32\mswsock.dll
0x00007ff975880000 - 0x00007ff975893000 	C:\Program Files\Android\Android Studio\jre\jre\bin\nio.dll
0x00007ff96bf70000 - 0x00007ff96bf97000 	C:\Users\mzenin\.gradle\native\fdc75f09e3144964f2cf3f50f0aa648679c211496f362492102eb8c894070792\windows-amd64\native-platform.dll
0x00007ff942df0000 - 0x00007ff942f86000 	C:\Users\mzenin\.gradle\native\12488b8bf47d2d4c9fbf2f6322a914ad602e24e48041cd04a747c6da556b65c4\windows-amd64\native-platform-file-events.dll
0x00007ff975870000 - 0x00007ff97587d000 	C:\Program Files\Android\Android Studio\jre\jre\bin\management.dll
0x00007ff979190000 - 0x00007ff9791c3000 	C:\Windows\system32\rsaenh.dll
0x00007ff97adc0000 - 0x00007ff97ade6000 	C:\Windows\System32\bcrypt.dll
0x00007ff979f20000 - 0x00007ff979f49000 	C:\Windows\SYSTEM32\USERENV.dll
0x00007ff979a30000 - 0x00007ff979a3c000 	C:\Windows\SYSTEM32\CRYPTBASE.dll
0x00007ff979580000 - 0x00007ff9795bd000 	C:\Windows\SYSTEM32\IPHLPAPI.DLL
0x00007ff97d760000 - 0x00007ff97d768000 	C:\Windows\System32\NSI.dll
0x00007ff96c840000 - 0x00007ff96c856000 	C:\Windows\SYSTEM32\dhcpcsvc6.DLL
0x00007ff96cb60000 - 0x00007ff96cb7c000 	C:\Windows\SYSTEM32\dhcpcsvc.DLL
0x00007ff9795c0000 - 0x00007ff979686000 	C:\Windows\SYSTEM32\DNSAPI.dll
0x00007ff96db50000 - 0x00007ff96db5b000 	C:\Windows\SYSTEM32\WINNSI.DLL
0x00007ff975400000 - 0x00007ff975424000 	C:\Program Files\Android\Android Studio\jre\jre\bin\sunec.dll
0x00007ff9757d0000 - 0x00007ff9757db000 	C:\Program Files\Android\Android Studio\jre\jre\bin\sunmscapi.dll
0x00007ff97a0f0000 - 0x00007ff97a2d3000 	C:\Windows\System32\CRYPT32.dll
0x00007ff97a0d0000 - 0x00007ff97a0e2000 	C:\Windows\System32\MSASN1.dll
0x00007ff965ec0000 - 0x00007ff965eca000 	C:\Windows\System32\rasadhlp.dll
0x00007ff968d30000 - 0x00007ff968da9000 	C:\Windows\System32\fwpuclnt.dll

VM Arguments:
jvm_args: -Xmx2048m -Dfile.encoding=UTF-8 -Duser.country=RU -Duser.language=ru -Duser.variant 
java_command: org.gradle.launcher.daemon.bootstrap.GradleDaemon 6.8.3
java_class_path (initial): C:\Users\mzenin\.gradle\wrapper\dists\gradle-6.8.3-bin\7ykxq50lst7lb7wx1nijpicxn\gradle-6.8.3\lib\gradle-launcher-6.8.3.jar
Launcher Type: SUN_STANDARD

Environment Variables:
PATH=C:\Program Files (x86)\NVIDIA Corporation\PhysX\Common;C:\Program Files (x86)\Common Files\Oracle\Java\javapath;C:\Windows\system32;C:\Windows;C:\Windows\System32\Wbem;C:\Windows\System32\WindowsPowerShell\v1.0\;C:\Windows\System32\OpenSSH\;C:\Program Files (x86)\Common Files\Acronis\SnapAPI\;C:\Program Files\Intel\WiFi\bin\;C:\Program Files\Common Files\Intel\WirelessCommon\;C:\Program Files\PuTTY\;C:\Users\mzenin\AppData\Local\Microsoft\WindowsApps;C:\Program Files\Intel\WiFi\bin\;C:\Program Files\Common Files\Intel\WirelessCommon\
USERNAME=mzenin
OS=Windows_NT
PROCESSOR_IDENTIFIER=Intel64 Family 6 Model 78 Stepping 3, GenuineIntel



---------------  S Y S T E M  ---------------

OS: Windows 10.0 , 64 bit Build 17763 (10.0.17763.1879)

CPU:total 4 (initial active 4) (2 cores per cpu, 2 threads per core) family 6 model 78 stepping 3, cmov, cx8, fxsr, mmx, sse, sse2, sse3, ssse3, sse4.1, sse4.2, popcnt, avx, avx2, aes, clmul, erms, 3dnowpref, lzcnt, ht, tsc, tscinvbit, bmi1, bmi2, adx

Memory: 4k page, physical 6162336k(221132k free), swap 8259488k(20716k free)

vm_info: OpenJDK 64-Bit Server VM (25.242-b01) for windows-amd64 JRE (1.8.0_242-release-1644-b01), built by "builder" with MS VC++ 10.0 (VS2010)

time: Wed May 19 20:10:34 2021
timezone: RTZ 2 (зима)
elapsed time: 128 seconds (0d 0h 2m 8s)

